Molec_name	Conn_12	Conn_17	Conn_2	Conn_23	Conn_3	Conn_34	Conn_4	Conn_45	Conn_67	Conn_7	Ox_N1	Ox_O2	Ox_O3	Ox_N4	Ox_O5	Ox_O6	Central_bond	LS	Ox_state	DHI/DHICA	G_rel	E_S1	f_S1	E_S2	f_S2	E_S3	f_S3	G_rel_norm	E_S1_norm	E_S2_norm	E_S3_norm	log_f_S1_norm	log_f_S2_norm	log_f_S3_norm
s.cyc.17.17.0.x00-x00	0	1	0	0	0	0	0	0	0	0	0	0	0	0	0	0	0	0	0	1	110.3	3.32	0.3362	3.93	0.0630	4.02	0.0327	0.8927	0.355	0.573	0.548	0.7266	0.4913	0.3323
s.cyc.17.71.0.x00-x00	0	1	0	0	0	0	0	0	0	0	0	0	0	0	0	0	1	0	0	1	96.4	3.49	0.3769	4.13	0.0016	4.35	0.0217	0.8385	0.434	0.677	0.744	0.7456	-0.1348	0.2648
s.cyc.17.34.0.x00-000	0	1	0	0	0	1	0	0	0	0	0	0	0	0	0	0	0	0	0	1	72.2	3.25	0.3930	3.88	0.1179	4.15	0.1042	0.7222	0.323	0.547	0.625	0.7525	0.5981	0.5231
s.cyc.34.34.0.000-000	0	0	0	0	0	1	0	0	0	0	0	0	0	0	0	0	0	0	0	1	63.2	3.07	0.4068	3.74	0.1283	3.97	0.3889	0.6686	0.239	0.474	0.518	0.7582	0.6125	0.7399
s.cyc.34.43.0.000-000	0	0	0	0	0	1	0	0	0	0	0	0	0	0	0	0	1	0	0	1	66.9	3.12	0.4991	3.85	0.0208	3.93	0.5617	0.6915	0.262	0.531	0.494	0.7921	0.3024	0.8005
s.cyc.34.71.0.000-x00	0	1	0	0	0	1	0	0	0	0	0	0	0	0	0	0	1	0	0	1	68.8	3.20	0.3985	3.76	0.0636	3.97	0.1072	0.7028	0.299	0.484	0.518	0.7548	0.4929	0.5278
s.cyc.17.17.1.x00-x11	0	1	0	0	0	0	0	0	0	0	0	0	0	0	1	1	0	0	1	1	97.4	1.14	0.0303	2.50	0.0030	2.57	0.0007	0.8427	-0.657	-0.172	-0.315	0.3280	-0.0277	-0.3006
d.cyc.17.17.1.x01-x01	0	1	0	0	0	0	0	0	0	0	0	0	1	0	0	1	0	1	1	1	90.4	1.83	0.0859	1.97	0.0239	3.02	0.0017	0.8126	-0.336	-0.448	-0.048	0.5006	0.3261	-0.1545
z.cyc.17.17.1.x01-x10	0	1	0	0	0	0	0	0	0	0	0	0	1	0	1	0	0	2	1	1	109.7	1.03	0.0140	1.63	0.0782	2.90	0.2532	0.8905	-0.708	-0.625	-0.119	0.2001	0.5281	0.6693
z.cyc.17.17.1.x10-x01	0	1	0	0	0	0	0	0	0	0	0	1	0	0	0	1	0	2	1	1	105.8	0.91	0.0296	1.79	0.0216	2.83	0.0000	0.8759	-0.763	-0.542	-0.161	0.3241	0.3088	-1.0000
z.cyc.17.17.1.x10-x10	0	1	0	0	0	0	0	0	0	0	0	1	0	0	1	0	0	2	1	1	118.3	1.21	0.1129	1.36	0.0093	2.86	0.0004	0.9209	-0.624	-0.766	-0.143	0.5459	0.1652	-0.3927
s.cyc.17.17.1.x11-x00	0	1	0	0	0	0	0	0	0	0	0	1	1	0	0	0	0	0	1	1	97.4	1.14	0.0304	2.50	0.0030	2.57	0.0007	0.8427	-0.657	-0.172	-0.315	0.3285	-0.0277	-0.3006
s.cyc.17.71.1.x00-x11	0	1	0	0	0	0	0	0	0	0	0	0	0	0	1	1	1	0	1	1	81.1	1.41	0.0733	2.50	0.0001	2.98	0.0021	0.7690	-0.531	-0.172	-0.071	0.4743	-0.6075	-0.1197
d.cyc.17.71.1.x01-x01	0	1	0	0	0	0	0	0	0	0	0	0	1	0	0	1	1	1	1	1	73.8	1.36	0.1058	1.84	0.0005	3.09	0.1126	0.7310	-0.555	-0.516	-0.006	0.5351	-0.3331	0.5359
d.cyc.17.71.1.x01-x10	0	1	0	0	0	0	0	0	0	0	0	0	1	0	1	0	1	1	1	1	86.0	1.11	0.0723	1.64	0.0737	2.98	0.2361	0.7926	-0.671	-0.620	-0.071	0.4720	0.5180	0.6578
z.cyc.17.71.1.x10-x01	0	1	0	0	0	0	0	0	0	0	0	1	0	0	0	1	1	2	1	1	86.0	1.14	0.0658	1.65	0.0807	2.99	0.2316	0.7926	-0.657	-0.615	-0.065	0.4564	0.5335	0.6546
z.cyc.17.71.1.x10-x10	0	1	0	0	0	0	0	0	0	0	0	1	0	0	1	0	1	2	1	1	101.5	0.96	0.0273	1.31	0.0543	2.78	0.2276	0.8592	-0.740	-0.792	-0.190	0.3107	0.4660	0.6517
s.cyc.17.71.1.x11-x00	0	1	0	0	0	0	0	0	0	0	0	1	1	0	0	0	1	0	1	1	81.5	1.40	0.0690	2.50	0.0001	2.97	0.0019	0.7709	-0.536	-0.172	-0.077	0.4643	-0.6075	-0.1362
s.cyc.17.34.1.x11-000	0	1	0	0	0	1	0	0	0	0	0	1	1	0	0	0	0	0	1	1	57.0	1.22	0.0325	2.50	0.0023	2.59	0.0002	0.6270	-0.619	-0.172	-0.304	0.3396	-0.0730	-0.5068
d.cyc.17.34.1.x01-010	0	1	0	0	0	1	0	0	0	0	0	0	1	0	1	0	0	1	1	1	50.8	1.87	0.0997	2.04	0.0507	3.01	0.0007	0.5807	-0.318	-0.411	-0.054	0.5253	0.4543	-0.3006
z.cyc.17.34.1.x10-001	0	1	0	0	0	1	0	0	0	0	0	1	0	0	0	1	0	2	1	1	79.8	1.16	0.0779	1.22	0.0019	2.81	0.0000	0.7624	-0.647	-0.839	-0.173	0.4844	-0.1056	-1.0000
s.cyc.17.34.1.x00-011	0	1	0	0	0	1	0	0	0	0	0	0	0	0	1	1	0	0	1	1	54.0	1.32	0.0967	2.35	0.0160	2.64	0.0001	0.6053	-0.573	-0.250	-0.274	0.5202	0.2577	-0.6209
d.cyc.17.34.1.x01-100	0	1	0	0	0	1	0	0	0	0	0	0	1	1	0	0	0	1	1	1	53.9	1.65	0.0832	1.93	0.0047	3.11	0.0544	0.6045	-0.420	-0.469	0.006	0.4953	0.0488	0.4161
z.cyc.17.34.1.x10-100	0	1	0	0	0	1	0	0	0	0	0	1	0	1	0	0	0	2	1	1	69.5	1.38	0.0591	1.90	0.0658	3.02	0.0832	0.7068	-0.545	-0.484	-0.048	0.4386	0.4987	0.4861
s.cyc.17.34.1.x00-101	0	1	0	0	0	1	0	0	0	0	0	0	0	1	0	1	0	0	1	1	59.3	1.76	0.1231	2.65	0.0416	3.42	0.0276	0.6430	-0.369	-0.094	0.190	0.5602	0.4205	0.3044
s.cyc.17.34.1.x00-110	0	1	0	0	0	1	0	0	0	0	0	0	0	1	1	0	0	0	1	1	55.5	1.36	0.0469	2.15	0.0232	3.17	0.1144	0.6163	-0.555	-0.354	0.042	0.4003	0.3210	0.5385
s.cyc.34.34.1.000-011	0	0	0	0	0	1	0	0	0	0	0	0	0	0	1	1	0	0	1	1	44.7	1.29	0.1228	2.32	0.0437	2.62	0.0001	0.5292	-0.587	-0.266	-0.286	0.5598	0.4289	-0.6209
s.cyc.34.34.1.000-101	0	0	0	0	0	1	0	0	0	0	0	0	0	1	0	1	0	0	1	1	51.7	1.64	0.1549	2.51	0.0737	3.21	0.0408	0.5878	-0.425	-0.167	0.065	0.5983	0.5180	0.3687
s.cyc.34.34.1.000-110	0	0	0	0	0	1	0	0	0	0	0	0	0	1	1	0	0	0	1	1	47.9	1.27	0.0637	2.07	0.0588	2.85	0.0956	0.5570	-0.596	-0.396	-0.149	0.4511	0.4795	0.5089
z.cyc.34.34.1.001-001	0	0	0	0	0	1	0	0	0	0	0	0	1	0	0	1	0	2	1	1	72.0	0.97	0.0561	1.15	0.0032	2.85	0.0013	0.7211	-0.735	-0.875	-0.149	0.4300	-0.0167	-0.1986
z.cyc.34.34.1.001-010	0	0	0	0	0	1	0	0	0	0	0	0	1	0	1	0	0	2	1	1	56.4	1.22	0.0277	1.70	0.1096	2.95	0.0421	0.6228	-0.619	-0.589	-0.089	0.3131	0.5857	0.3739
z.cyc.34.34.1.001-100	0	0	0	0	0	1	0	0	0	0	0	0	1	1	0	0	0	2	1	1	61.8	1.19	0.0471	1.73	0.0563	2.67	0.0985	0.6596	-0.633	-0.573	-0.256	0.4010	0.4721	0.5139
d.cyc.34.34.1.010-010	0	0	0	0	0	1	0	0	0	0	0	1	0	0	1	0	0	1	1	1	39.5	1.94	0.1016	2.13	0.0780	3.02	0.0003	0.4795	-0.285	-0.365	-0.048	0.5284	0.5277	-0.4400
d.cyc.34.34.1.010-100	0	0	0	0	0	1	0	0	0	0	0	1	0	1	0	0	0	1	1	1	44.2	1.68	0.1415	1.87	0.0237	2.89	0.0592	0.5247	-0.406	-0.500	-0.125	0.5833	0.3246	0.4300
s.cyc.34.34.1.011-000	0	0	0	0	0	1	0	0	0	0	0	1	1	0	0	0	0	0	1	1	45.0	1.27	0.1196	2.32	0.0433	2.62	0.0001	0.5319	-0.596	-0.266	-0.286	0.5554	0.4274	-0.6209
z.cyc.34.34.1.100-001	0	0	0	0	0	1	0	0	0	0	1	0	0	0	0	1	0	2	1	1	58.4	1.15	0.0529	1.76	0.0515	2.67	0.0871	0.6368	-0.652	-0.557	-0.256	0.4203	0.4569	0.4936
d.cyc.34.34.1.100-010	0	0	0	0	0	1	0	0	0	0	1	0	0	0	1	0	0	1	1	1	40.7	1.64	0.1537	1.81	0.0048	2.85	0.0553	0.4915	-0.425	-0.531	-0.149	0.5970	0.0524	0.4188
s.cyc.34.34.1.101-000	0	0	0	0	0	1	0	0	0	0	1	0	1	0	0	0	0	0	1	1	49.3	1.62	0.1571	2.48	0.0733	3.18	0.0410	0.5686	-0.434	-0.182	0.048	0.6006	0.5171	0.3696
s.cyc.34.34.1.110-000	0	0	0	0	0	1	0	0	0	0	1	1	0	0	0	0	0	0	1	1	42.9	1.30	0.0670	2.03	0.0602	2.85	0.0935	0.5127	-0.582	-0.417	-0.149	0.4594	0.4835	0.5053
s.cyc.34.43.1.000-011	0	0	0	0	0	1	0	0	0	0	0	0	0	0	1	1	1	0	1	1	47.9	1.47	0.1541	2.53	0.0064	2.64	0.0652	0.5570	-0.503	-0.156	-0.274	0.5974	0.1015	0.4459
s.cyc.34.43.1.000-101	0	0	0	0	0	1	0	0	0	0	0	0	0	1	0	1	1	0	1	1	54.1	1.62	0.1453	2.63	0.0775	3.25	0.0993	0.6060	-0.434	-0.104	0.089	0.5877	0.5266	0.5152
s.cyc.34.43.1.000-110	0	0	0	0	0	1	0	0	0	0	0	0	0	1	1	0	1	0	1	1	52.5	1.45	0.0864	2.39	0.0850	3.00	0.0694	0.5939	-0.513	-0.229	-0.060	0.5016	0.5424	0.4562
z.cyc.34.43.1.001-001	0	0	0	0	0	1	0	0	0	0	0	0	1	0	0	1	1	2	1	1	72.4	0.97	0.0297	1.09	0.0722	2.67	0.0678	0.7233	-0.735	-0.906	-0.256	0.3247	0.5145	0.4524
z.cyc.34.43.1.001-010	0	0	0	0	0	1	0	0	0	0	0	0	1	0	1	0	1	2	1	1	55.0	1.13	0.0367	1.62	0.1117	2.73	0.0335	0.6127	-0.661	-0.630	-0.220	0.3597	0.5889	0.3363
z.cyc.34.43.1.001-100	0	0	0	0	0	1	0	0	0	0	0	0	1	1	0	0	1	2	1	1	64.2	1.14	0.0351	1.86	0.0569	2.73	0.1338	0.6749	-0.657	-0.505	-0.220	0.3523	0.4739	0.5643
d.cyc.34.43.1.010-001	0	0	0	0	0	1	0	0	0	0	0	1	0	0	0	1	1	1	1	1	55.4	1.12	0.0358	1.59	0.1131	2.72	0.0353	0.6156	-0.666	-0.646	-0.226	0.3556	0.5910	0.3449
d.cyc.34.43.1.010-010	0	0	0	0	0	1	0	0	0	0	0	1	0	0	1	0	1	1	1	1	41.8	1.59	0.2250	1.83	0.0018	3.03	0.0159	0.5022	-0.448	-0.521	-0.042	0.6601	-0.1148	0.2136
d.cyc.34.43.1.010-100	0	0	0	0	0	1	0	0	0	0	0	1	0	1	0	0	1	1	1	1	44.7	2.03	0.1113	2.35	0.0497	3.21	0.0309	0.5292	-0.244	-0.250	0.065	0.5435	0.4509	0.3230
s.cyc.34.43.1.011-000	0	0	0	0	0	1	0	0	0	0	0	1	1	0	0	0	1	0	1	1	48.3	1.46	0.1541	2.52	0.0034	2.65	0.0683	0.5604	-0.508	-0.161	-0.268	0.5974	-0.0064	0.4536
d.cyc.34.43.1.100-001	0	0	0	0	0	1	0	0	0	0	1	0	0	0	0	1	1	1	1	1	63.9	1.15	0.0367	1.86	0.0582	2.74	0.1378	0.6730	-0.652	-0.505	-0.214	0.3597	0.4778	0.5691
d.cyc.34.43.1.100-010	0	0	0	0	0	1	0	0	0	0	1	0	0	0	1	0	1	1	1	1	44.1	2.05	0.1172	2.35	0.0450	3.22	0.0324	0.5238	-0.234	-0.250	0.071	0.5521	0.4339	0.3308
d.cyc.34.43.1.100-100	0	0	0	0	0	1	0	0	0	0	1	0	0	1	0	0	1	1	1	1	56.4	2.11	0.1292	2.25	0.0006	2.97	0.1007	0.6228	-0.206	-0.302	-0.077	0.5682	-0.3020	0.5175
s.cyc.34.43.1.101-000	0	0	0	0	0	1	0	0	0	0	1	0	1	0	0	0	1	0	1	1	53.5	1.62	0.1444	2.64	0.0783	3.25	0.0954	0.6015	-0.434	-0.099	0.089	0.5866	0.5284	0.5086
s.cyc.34.43.1.110-000	0	0	0	0	0	1	0	0	0	0	1	1	0	0	0	0	1	0	1	1	53.1	1.43	0.0898	2.41	0.0877	3.00	0.0795	0.5985	-0.522	-0.219	-0.060	0.5079	0.5477	0.4786
s.cyc.34.71.1.000-x11	0	1	0	0	0	1	0	0	0	0	0	0	0	0	1	1	1	0	1	1	63.3	1.42	0.0662	2.43	0.0005	2.88	0.0201	0.6692	-0.527	-0.208	-0.131	0.4574	-0.3331	0.2522
z.cyc.34.71.1.001-x01	0	1	0	0	0	1	0	0	0	0	0	0	1	0	0	1	1	2	1	1	72.2	0.99	0.0431	1.52	0.0825	2.74	0.0967	0.7222	-0.726	-0.682	-0.214	0.3863	0.5373	0.5108
z.cyc.34.71.1.001-x10	0	1	0	0	0	1	0	0	0	0	0	0	1	0	1	0	1	2	1	1	87.6	0.88	0.0405	1.13	0.0417	2.75	0.1381	0.8000	-0.777	-0.885	-0.208	0.3760	0.4210	0.5695
d.cyc.34.71.1.010-x01	0	1	0	0	0	1	0	0	0	0	0	1	0	0	0	1	1	1	1	1	56.4	1.49	0.1319	1.85	0.0179	3.15	0.0312	0.6228	-0.494	-0.510	0.030	0.5716	0.2768	0.3246
d.cyc.34.71.1.010-x10	0	1	0	0	0	1	0	0	0	0	0	1	0	0	1	0	1	1	1	1	67.6	1.23	0.0449	1.75	0.0984	2.98	0.1287	0.6957	-0.615	-0.563	-0.071	0.3931	0.5673	0.5579
s.cyc.34.71.1.011-x00	0	1	0	0	0	1	0	0	0	0	0	1	1	0	0	0	1	0	1	1	59.4	1.55	0.1191	2.64	0.0042	2.74	0.0203	0.6436	-0.466	-0.099	-0.214	0.5547	0.0297	0.2538
d.cyc.34.71.1.100-x01	0	1	0	0	0	1	0	0	0	0	1	0	0	0	0	1	1	1	1	1	61.8	1.93	0.0983	2.58	0.0463	3.31	0.0789	0.6596	-0.290	-0.130	0.125	0.5229	0.4388	0.4773
d.cyc.34.71.1.100-x10	0	1	0	0	0	1	0	0	0	0	1	0	0	0	1	0	1	1	1	1	79.5	1.16	0.0246	2.18	0.1080	3.07	0.2592	0.7609	-0.647	-0.339	-0.018	0.2934	0.5832	0.6731
s.cyc.34.71.1.101-x00	0	1	0	0	0	1	0	0	0	0	1	0	1	0	0	0	1	0	1	1	66.2	1.66	0.1241	2.65	0.0398	3.44	0.1064	0.6873	-0.415	-0.094	0.202	0.5615	0.4130	0.5266
s.cyc.34.71.1.110-x00	0	1	0	0	0	1	0	0	0	0	1	1	0	0	0	0	1	0	1	1	63.0	1.56	0.0672	2.47	0.0294	3.33	0.0456	0.6673	-0.462	-0.188	0.137	0.4599	0.3614	0.3871
s.cyc.17.17.2.x11-x11	0	1	0	0	0	0	0	0	0	0	0	1	1	0	1	1	0	0	2	1	89.7	1.33	0.0950	1.74	0.0001	2.40	0.0000	0.8095	-0.568	-0.568	-0.417	0.5173	-0.6075	-1.0000
s.cyc.17.71.2.x11-x11	0	1	0	0	0	0	0	0	0	0	0	1	1	0	1	1	1	0	2	1	64.2	1.26	0.0010	1.40	0.1510	2.50	0.0000	0.6749	-0.601	-0.745	-0.357	-0.2371	0.6403	-1.0000
s.cyc.17.34.2.x11-011	0	1	0	0	0	1	0	0	0	0	0	1	1	0	1	1	0	0	2	1	43.6	1.36	0.1023	1.83	0.0052	2.47	0.0000	0.5192	-0.555	-0.521	-0.375	0.5295	0.0661	-1.0000
s.cyc.17.34.2.x11-101	0	1	0	0	0	1	0	0	0	0	0	1	1	1	0	1	0	0	2	1	48.6	1.55	0.0030	1.71	0.1412	2.45	0.0001	0.5629	-0.466	-0.583	-0.387	-0.0551	0.6289	-0.6209
s.cyc.17.34.2.x11-110	0	1	0	0	0	1	0	0	0	0	0	1	1	1	1	0	0	0	2	1	43.9	1.50	0.0382	2.15	0.0011	2.51	0.0001	0.5220	-0.490	-0.354	-0.351	0.3663	-0.1987	-0.6209
d.cyc.17.34.2.x01-111	0	1	0	0	0	1	0	0	0	0	0	0	1	1	1	1	0	1	2	1	35.1	1.92	0.0472	2.36	0.0132	2.65	0.0010	0.4319	-0.295	-0.245	-0.268	0.4014	0.2249	-0.2418
z.cyc.17.34.2.x10-111	0	1	0	0	0	1	0	0	0	0	0	1	0	1	1	1	0	2	2	1	52.0	1.11	0.0210	2.07	0.0221	2.59	0.0000	0.5901	-0.671	-0.396	-0.304	0.2672	0.3127	-1.0000
z.cyc.34.34.2.001-111	0	0	0	0	0	1	0	0	0	0	0	0	1	1	1	1	0	2	2	1	40.6	1.15	0.0380	2.26	0.0129	2.63	0.0000	0.4905	-0.652	-0.297	-0.280	0.3655	0.2210	-1.0000
d.cyc.34.34.2.010-111	0	0	0	0	0	1	0	0	0	0	0	1	0	1	1	1	0	1	2	1	22.2	1.98	0.1104	2.47	0.0100	2.67	0.0008	0.2476	-0.267	-0.188	-0.256	0.5422	0.1775	-0.2786
s.cyc.34.34.2.011-011	0	0	0	0	0	1	0	0	0	0	0	1	1	0	1	1	0	0	2	1	61.4	0.40	0.0613	1.07	0.1217	2.19	0.0002	0.6570	-1.000	-0.917	-0.542	0.4447	0.6035	-0.5068
s.cyc.34.34.2.011-101	0	0	0	0	0	1	0	0	0	0	0	1	1	1	0	1	0	0	2	1	36.6	1.32	0.1270	1.67	0.0658	2.58	0.0000	0.4488	-0.573	-0.604	-0.310	0.5654	0.4987	-1.0000
s.cyc.34.34.2.011-110	0	0	0	0	0	1	0	0	0	0	0	1	1	1	1	0	0	0	2	1	36.7	1.26	0.0536	2.02	0.0036	2.50	0.0019	0.4499	-0.601	-0.422	-0.357	0.4225	0.0034	-0.1362
d.cyc.34.34.2.100-111	0	0	0	0	0	1	0	0	0	0	1	0	0	1	1	1	0	1	2	1	19.3	2.04	0.0509	2.68	0.0511	2.75	0.0003	0.1912	-0.239	-0.078	-0.208	0.4139	0.4556	-0.4400
s.cyc.34.34.2.101-011	0	0	0	0	0	1	0	0	0	0	1	0	1	0	1	1	0	0	2	1	37.3	1.42	0.2142	1.66	0.0020	2.44	0.0003	0.4564	-0.527	-0.609	-0.393	0.6520	-0.0968	-0.4400
s.cyc.34.34.2.101-101	0	0	0	0	0	1	0	0	0	0	1	0	1	1	0	1	0	0	2	1	43.1	1.32	0.0877	2.05	0.0208	2.92	0.0498	0.5146	-0.573	-0.406	-0.107	0.5040	0.3024	0.4016
s.cyc.34.34.2.101-110	0	0	0	0	0	1	0	0	0	0	1	0	1	1	1	0	0	0	2	1	43.9	1.39	0.1003	1.98	0.0342	2.61	0.0102	0.5220	-0.541	-0.443	-0.292	0.5263	0.3872	0.1405
s.cyc.34.34.2.110-011	0	0	0	0	0	1	0	0	0	0	1	1	0	0	1	1	0	0	2	1	31.7	1.28	0.0574	2.05	0.0031	2.50	0.0007	0.3909	-0.592	-0.406	-0.357	0.4338	-0.0221	-0.3006
s.cyc.34.34.2.110-110	0	0	0	0	0	1	0	0	0	0	1	1	0	1	1	0	0	0	2	1	43.9	1.03	0.0464	1.68	0.0455	2.26	0.0479	0.5220	-0.708	-0.599	-0.500	0.3986	0.4358	0.3952
z.cyc.34.34.2.111-001	0	0	0	0	0	1	0	0	0	0	1	1	1	0	0	1	0	2	2	1	39.8	0.76	0.0190	1.85	0.0207	2.55	0.0000	0.4825	-0.833	-0.510	-0.327	0.2507	0.3016	-1.0000
d.cyc.34.34.2.111-010	0	0	0	0	0	1	0	0	0	0	1	1	1	0	1	0	0	1	2	1	19.6	1.97	0.1076	2.46	0.0106	2.66	0.0009	0.1974	-0.271	-0.193	-0.262	0.5379	0.1875	-0.2592
z.cyc.34.43.2.001-111	0	0	0	0	0	1	0	0	0	0	0	0	1	1	1	1	1	2	2	1	37.5	1.06	0.0371	2.27	0.0052	2.62	0.0019	0.4585	-0.694	-0.292	-0.286	0.3615	0.0661	-0.1362
d.cyc.34.43.2.010-111	0	0	0	0	0	1	0	0	0	0	0	1	0	1	1	1	1	1	2	1	17.5	1.97	0.1145	2.48	0.0499	2.65	0.0076	0.1518	-0.271	-0.182	-0.268	0.5482	0.4516	0.0921
s.cyc.34.43.2.011-011	0	0	0	0	0	1	0	0	0	0	0	1	1	0	1	1	1	0	2	1	30.1	1.30	0.2414	1.62	0.0003	2.44	0.0021	0.3701	-0.582	-0.630	-0.393	0.6718	-0.4202	-0.1197
s.cyc.34.43.2.011-101	0	0	0	0	0	1	0	0	0	0	0	1	1	1	0	1	1	0	2	1	37.5	1.22	0.1508	1.90	0.0109	2.44	0.0001	0.4585	-0.619	-0.484	-0.393	0.5938	0.1922	-0.6209
s.cyc.34.43.2.011-110	0	0	0	0	0	1	0	0	0	0	0	1	1	1	1	0	1	0	2	1	32.7	1.38	0.0839	1.85	0.0419	2.50	0.0002	0.4034	-0.545	-0.510	-0.357	0.4967	0.4218	-0.5068
d.cyc.34.43.2.100-111	0	0	0	0	0	1	0	0	0	0	1	0	0	1	1	1	1	1	2	1	26.1	2.31	0.0550	2.69	0.0001	2.88	0.0044	0.3127	-0.114	-0.073	-0.131	0.4267	-0.6075	0.0021
s.cyc.34.43.2.101-011	0	0	0	0	0	1	0	0	0	0	1	0	1	0	1	1	1	0	2	1	37.0	1.22	0.1502	1.92	0.0110	2.43	0.0001	0.4531	-0.619	-0.474	-0.399	0.5932	0.1938	-0.6209
s.cyc.34.43.2.101-101	0	0	0	0	0	1	0	0	0	0	1	0	1	1	0	1	1	0	2	1	43.1	1.61	0.2137	1.91	0.0003	2.96	0.0001	0.5146	-0.439	-0.479	-0.083	0.6516	-0.4202	-0.6209
s.cyc.34.43.2.101-110	0	0	0	0	0	1	0	0	0	0	1	0	1	1	1	0	1	0	2	1	44.5	1.21	0.0728	2.10	0.0023	2.60	0.0424	0.5274	-0.624	-0.380	-0.298	0.4732	-0.0730	0.3751
s.cyc.34.43.2.110-011	0	0	0	0	0	1	0	0	0	0	1	1	0	0	1	1	1	0	2	1	33.5	1.37	0.0861	1.85	0.0436	2.51	0.0006	0.4131	-0.550	-0.510	-0.351	0.5010	0.4286	-0.3259
s.cyc.34.43.2.110-101	0	0	0	0	0	1	0	0	0	0	1	1	0	1	0	1	1	0	2	1	45.5	1.21	0.0766	2.09	0.0020	2.60	0.0423	0.5364	-0.624	-0.385	-0.298	0.4816	-0.0968	0.3747
s.cyc.34.43.2.110-110	0	0	0	0	0	1	0	0	0	0	1	1	0	1	1	0	1	0	2	1	45.8	1.00	0.0524	1.62	0.0486	2.00	0.0094	0.5390	-0.722	-0.630	-0.655	0.4187	0.4471	0.1271
d.cyc.34.43.2.111-001	0	0	0	0	0	1	0	0	0	0	1	1	1	0	0	1	1	1	2	1	37.3	1.06	0.0371	2.28	0.0050	2.61	0.0013	0.4564	-0.694	-0.286	-0.292	0.3615	0.0594	-0.1986
d.cyc.34.43.2.111-010	0	0	0	0	0	1	0	0	0	0	1	1	1	0	1	0	1	1	2	1	17.1	1.97	0.1155	2.48	0.0507	2.64	0.0044	0.1425	-0.271	-0.182	-0.274	0.5496	0.4543	0.0021
d.cyc.34.43.2.111-100	0	0	0	0	0	1	0	0	0	0	1	1	1	1	0	0	1	1	2	1	25.9	2.30	0.0604	2.69	0.0001	2.89	0.0033	0.3096	-0.118	-0.073	-0.125	0.4422	-0.6075	-0.0453
s.cyc.34.71.2.011-x11	0	1	0	0	0	1	0	0	0	0	0	1	1	0	1	1	1	0	2	1	41.8	1.50	0.0737	1.65	0.0779	2.47	0.0002	0.5022	-0.490	-0.615	-0.375	0.4752	0.5275	-0.5068
s.cyc.34.71.2.101-x11	0	1	0	0	0	1	0	0	0	0	1	0	1	0	1	1	1	0	2	1	49.3	1.45	0.0980	1.90	0.0223	2.48	0.0000	0.5686	-0.513	-0.484	-0.369	0.5224	0.3143	-1.0000
s.cyc.34.71.2.110-x11	0	1	0	0	0	1	0	0	0	0	1	1	0	0	1	1	1	0	2	1	43.9	1.54	0.0576	2.02	0.0569	2.50	0.0007	0.5220	-0.471	-0.422	-0.357	0.4344	0.4739	-0.3006
d.cyc.34.71.2.111-x01	0	1	0	0	0	1	0	0	0	0	1	1	1	0	0	1	1	1	2	1	34.1	1.90	0.0569	2.36	0.0503	2.70	0.0006	0.4203	-0.304	-0.245	-0.238	0.4324	0.4529	-0.3259
d.cyc.34.71.2.111-x10	0	1	0	0	0	1	0	0	0	0	1	1	1	0	1	0	1	1	2	1	52.0	1.10	0.0301	2.09	0.0088	2.72	0.0002	0.5901	-0.675	-0.385	-0.226	0.3269	0.1558	-0.5068
d.cyc.34.34.3.111-111	0	0	0	0	0	1	0	0	0	0	1	1	1	1	1	1	0	1	3	1	1.5	2.59	0.0001	2.64	0.0001	3.38	0.0779	-0.8368	0.016	-0.099	0.167	-0.6186	-0.6075	0.4752
d.cyc.34.43.3.111-111	0	0	0	0	0	1	0	0	0	0	1	1	1	1	1	1	1	1	3	1	0.0	2.64	0.0000	2.67	0.0000	3.33	0.1184	-1.0000	0.039	-0.083	0.137	-1.0000	-1.0000	0.5441
d.cyc.34.45.1.010-1x0	0	0	0	0	0	1	0	1	0	0	0	1	0	1	0	0	0	1	1	1	78.2	1.59	0.1115	1.79	0.0846	2.44	0.1215	0.7543	-0.448	-0.542	-0.393	0.5438	0.5416	0.5484
d.cyc.34.45.1.100-1x0	0	0	0	0	0	1	0	1	0	0	1	0	0	1	0	0	0	1	1	1	85.1	1.55	0.2023	1.95	0.0749	2.57	0.2144	0.7883	-0.466	-0.458	-0.315	0.6425	0.5208	0.6419
d.cyc.34.45.2.111-1x0	0	0	0	0	0	1	0	1	0	0	1	1	1	1	0	0	0	1	2	1	62.8	1.55	0.1414	2.19	0.0282	2.46	0.2737	0.6660	-0.466	-0.333	-0.381	0.5832	0.3543	0.6821
d.cyc.34.54.0.100-0x0	0	0	0	0	0	1	0	1	0	0	1	0	0	0	0	0	1	1	0	1	94.7	3.58	0.2592	3.71	0.0032	4.00	0.4419	0.8313	0.476	0.458	0.536	0.6835	-0.0167	0.7610
d.cyc.34.54.1.010-0x1	0	0	0	0	0	1	0	1	0	0	0	1	0	0	0	1	1	1	1	1	72.2	0.99	0.0191	1.60	0.0803	2.74	0.0006	0.7222	-0.726	-0.641	-0.214	0.2515	0.5327	-0.3259
d.cyc.34.54.1.010-1x0	0	0	0	0	0	1	0	1	0	0	0	1	0	1	0	0	1	1	1	1	73.1	1.54	0.1942	1.72	0.0635	2.54	0.1965	0.7272	-0.471	-0.578	-0.333	0.6357	0.4926	0.6275
d.cyc.34.54.1.100-1x0	0	0	0	0	0	1	0	1	0	0	1	0	0	1	0	0	1	1	1	1	89.4	1.51	0.0766	1.82	0.0894	2.33	0.1961	0.8082	-0.485	-0.526	-0.458	0.4816	0.5510	0.6272
d.cyc.34.54.1.111-0x0	0	0	0	0	0	1	0	1	0	0	1	1	1	0	0	0	1	1	1	1	75.5	2.35	0.0943	2.56	0.0256	2.80	0.0217	0.7402	-0.095	-0.141	-0.179	0.5160	0.3378	0.2648
d.cyc.34.54.2.111-1x0	0	0	0	0	0	1	0	1	0	0	1	1	1	1	0	0	1	1	2	1	62.2	1.52	0.1302	2.08	0.0116	2.44	0.2079	0.6622	-0.480	-0.391	-0.393	0.5695	0.2028	0.6368
d.cyc.34.67.1.010-10x	0	0	0	0	0	1	0	0	1	0	0	1	0	1	0	0	0	1	1	1	77.4	1.61	0.1046	1.70	0.1182	2.42	0.2035	0.7502	-0.439	-0.589	-0.405	0.5332	0.5986	0.6333
d.cyc.34.67.1.100-10x	0	0	0	0	0	1	0	0	1	0	1	0	0	1	0	0	0	1	1	1	93.1	1.53	0.0802	1.77	0.0864	2.19	0.1964	0.8245	-0.476	-0.552	-0.542	0.4892	0.5451	0.6275
d.cyc.34.67.2.111-10x	0	0	0	0	0	1	0	0	1	0	1	1	1	1	0	0	0	1	2	1	66.1	1.59	0.0731	2.18	0.0516	2.28	0.1682	0.6867	-0.448	-0.339	-0.488	0.4739	0.4573	0.6019
d.cyc.34.76.1.010-01x	0	0	0	0	0	1	0	0	1	0	0	1	0	0	1	0	1	1	1	1	72.3	1.09	0.0170	1.86	0.1499	2.78	0.0000	0.7227	-0.680	-0.505	-0.190	0.2322	0.6391	-1.0000
d.cyc.34.76.1.010-10x	0	0	0	0	0	1	0	0	1	0	0	1	0	1	0	0	1	1	1	1	81.0	1.59	0.1499	1.79	0.0511	2.32	0.1186	0.7685	-0.448	-0.542	-0.464	0.5928	0.4556	0.5444
d.cyc.34.76.1.100-01x	0	0	0	0	0	1	0	0	1	0	1	0	0	0	1	0	1	1	1	1	84.6	0.91	0.0154	1.86	0.0704	2.57	0.0002	0.7860	-0.763	-0.505	-0.315	0.2159	0.5102	-0.5068
d.cyc.34.76.1.100-10x	0	0	0	0	0	1	0	0	1	0	1	0	0	1	0	0	1	1	1	1	84.9	1.66	0.1334	1.96	0.1181	2.45	0.2255	0.7874	-0.415	-0.453	-0.387	0.5735	0.5984	0.6502
d.lin.c.34.1.100-010	0	0	0	0	1	0	1	0	0	0	1	0	0	0	1	0	0	1	1	1	98.2	1.95	0.1444	2.22	0.0122	2.84	0.2876	0.8459	-0.281	-0.318	-0.155	0.5866	0.2114	0.6903
d.lin.c.34.2.111-010	0	0	0	0	1	0	1	0	0	0	1	1	1	0	1	0	0	1	2	1	80.3	1.84	0.1205	2.34	0.0146	2.46	0.0049	0.7650	-0.332	-0.255	-0.381	0.5567	0.2421	0.0198
d.lin.c.44.1.010-010	0	0	0	0	0	0	1	0	0	0	0	1	0	0	1	0	0	1	1	1	128.7	3.30	0.2000	3.71	0.2300	3.95	0.3749	0.9548	0.346	0.458	0.506	0.6406	0.7120	0.7339
d.lin.c.44.1.010-100	0	0	0	0	0	0	1	0	0	0	0	1	0	1	0	0	0	1	1	1	114.0	1.35	0.1849	1.55	0.0016	2.10	0.0862	0.9060	-0.559	-0.667	-0.595	0.6276	-0.1348	0.4919
d.lin.c.44.1.100-010	0	0	0	0	0	0	1	0	0	0	1	0	0	0	1	0	0	1	1	1	114.0	1.35	0.1849	1.55	0.0016	2.10	0.0862	0.9060	-0.559	-0.667	-0.595	0.6276	-0.1348	0.4919
d.lin.c.44.1.100-100	0	0	0	0	0	0	1	0	0	0	1	0	0	1	0	0	0	1	1	1	137.9	1.01	0.1194	1.30	0.0202	1.80	0.0027	0.9826	-0.717	-0.797	-0.774	0.5551	0.2974	-0.0783
d.lin.c.44.2.010-111	0	0	0	0	0	0	1	0	0	0	0	1	0	1	1	1	0	1	2	1	86.7	1.78	0.1559	2.19	0.0067	2.68	0.1375	0.7958	-0.360	-0.333	-0.250	0.5993	0.1093	0.5688
d.lin.c.44.2.100-111	0	0	0	0	0	0	1	0	0	0	1	0	0	1	1	1	0	1	2	1	107.9	1.42	0.1469	1.91	0.0297	2.04	0.0658	0.8839	-0.527	-0.479	-0.631	0.5895	0.3631	0.4474
d.lin.c.44.2.111-010	0	0	0	0	0	0	1	0	0	0	1	1	1	0	1	0	0	1	2	1	86.7	1.78	0.1559	2.19	0.0067	2.68	0.1376	0.7958	-0.360	-0.333	-0.250	0.5993	0.1093	0.5689
d.lin.c.47.1.010-001	0	0	0	0	0	0	1	0	0	1	0	1	0	0	0	1	0	1	1	1	95.8	1.53	0.1583	2.03	0.0100	2.65	0.1342	0.8360	-0.476	-0.417	-0.268	0.6019	0.1775	0.5648
d.lin.c.47.1.010-100	0	0	0	0	0	0	1	0	0	1	0	1	0	1	0	0	0	1	1	1	116.5	1.28	0.1211	1.41	0.0503	2.01	0.1188	0.9147	-0.592	-0.740	-0.649	0.5575	0.4529	0.5447
d.lin.c.47.1.100-001	0	0	0	0	0	0	1	0	0	1	1	0	0	0	0	1	0	1	1	1	114.4	1.31	0.1702	1.53	0.0008	2.09	0.0792	0.9074	-0.578	-0.677	-0.601	0.6139	-0.2530	0.4779
d.lin.c.47.2.010-111	0	0	0	0	0	0	1	0	0	1	0	1	0	1	1	1	0	1	2	1	85.6	1.94	0.1454	2.35	0.0167	2.79	0.0057	0.7907	-0.285	-0.250	-0.185	0.5878	0.2650	0.0447
d.lin.c.47.2.100-111	0	0	0	0	0	0	1	0	0	1	1	0	0	1	1	1	0	1	2	1	108.3	1.46	0.1487	1.91	0.0320	2.05	0.0450	0.8853	-0.508	-0.479	-0.625	0.5915	0.3758	0.3849
d.lin.c.77.1.100-100	0	0	0	0	0	0	0	0	0	1	1	0	0	1	0	0	0	1	1	1	143.6	1.10	0.1155	1.25	0.0884	1.57	0.0593	0.9989	-0.675	-0.823	-0.911	0.5496	0.5490	0.4303
d.lin.t.34.1.100-010	0	0	0	0	1	0	1	0	0	0	1	0	0	0	1	0	1	1	1	1	100.0	1.95	0.1290	2.21	0.0109	2.83	0.3271	0.8533	-0.281	-0.323	-0.161	0.5680	0.1922	0.7114
d.lin.t.34.2.111-010	0	0	0	0	1	0	1	0	0	0	1	1	1	0	1	0	1	1	2	1	82.4	1.88	0.1088	2.37	0.0229	2.44	0.0106	0.7754	-0.313	-0.240	-0.393	0.5397	0.3188	0.1468
d.lin.t.44.1.010-010	0	0	0	0	0	0	1	0	0	0	0	1	0	0	1	0	1	1	1	1	93.4	1.59	0.1502	1.98	0.0021	2.63	0.0942	0.8258	-0.448	-0.443	-0.280	0.5932	-0.0885	0.5065
d.lin.t.44.1.010-100	0	0	0	0	0	0	1	0	0	0	0	1	0	1	0	0	1	1	1	1	118.0	1.22	0.1880	1.35	0.0571	2.06	0.0499	0.9199	-0.619	-0.771	-0.619	0.6303	0.4745	0.4019
d.lin.t.47.1.010-001	0	0	0	0	0	0	1	0	0	1	0	1	0	0	0	1	1	1	1	1	92.7	1.59	0.1357	1.94	0.0031	2.67	0.2085	0.8228	-0.448	-0.464	-0.256	0.5763	-0.0221	0.6373
d.lin.t.47.1.010-100	0	0	0	0	0	0	1	0	0	1	0	1	0	1	0	0	1	1	1	1	119.8	1.23	0.2150	1.31	0.0214	2.10	0.0212	0.9260	-0.615	-0.792	-0.595	0.6526	0.3072	0.2610
d.lin.t.47.2.010-111	0	0	0	0	0	0	1	0	0	1	0	1	0	1	1	1	1	1	2	1	87.1	1.78	0.1636	2.16	0.0077	2.60	0.0807	0.7977	-0.360	-0.349	-0.298	0.6073	0.1330	0.4810
s.cyc.34.45.0.000-0x0	0	0	0	0	0	1	0	1	0	0	0	0	0	0	0	0	0	0	0	1	76.9	3.42	0.2803	3.98	0.3947	4.22	0.0425	0.7476	0.401	0.599	0.667	0.6965	0.8041	0.3755
s.cyc.34.45.1.000-1x1	0	0	0	0	0	1	0	1	0	0	0	0	0	1	0	1	0	0	1	1	75.7	1.67	0.0158	2.81	0.0046	3.09	0.0295	0.7412	-0.411	-0.010	-0.006	0.2201	0.0452	0.3154
s.cyc.34.45.1.011-0x0	0	0	0	0	0	1	0	1	0	0	0	1	1	0	0	0	0	0	1	1	58.4	1.63	0.0851	2.61	0.0000	2.92	0.0182	0.6368	-0.429	-0.115	-0.107	0.4990	-1.0000	0.2358
s.cyc.34.45.1.101-0x0	0	0	0	0	0	1	0	1	0	0	1	0	1	0	0	0	0	0	1	1	67.9	1.59	0.1019	2.66	0.1102	3.38	0.1612	0.6975	-0.448	-0.089	0.167	0.5289	0.5866	0.5949
s.cyc.34.45.1.110-0x0	0	0	0	0	0	1	0	1	0	0	1	1	0	0	0	0	0	0	1	1	61.5	1.72	0.0711	2.68	0.0379	3.34	0.1755	0.6576	-0.387	-0.078	0.143	0.4693	0.4047	0.6089
s.cyc.34.45.2.110-1x1	0	0	0	0	0	1	0	1	0	0	1	1	0	1	0	1	0	0	2	1	58.9	1.75	0.0482	2.22	0.0142	3.05	0.0301	0.6402	-0.374	-0.318	-0.030	0.4049	0.2373	0.3187
s.cyc.34.54.0.000-0x0	0	0	0	0	0	1	0	1	0	0	0	0	0	0	0	0	1	0	0	1	76.0	3.46	0.3047	4.03	0.3607	4.12	0.0892	0.7428	0.420	0.625	0.607	0.7103	0.7887	0.4975
s.cyc.34.54.1.011-0x0	0	0	0	0	0	1	0	1	0	0	0	1	1	0	0	0	1	0	1	1	59.2	1.49	0.1052	2.52	0.0011	2.64	0.0684	0.6423	-0.494	-0.161	-0.274	0.5342	-0.1987	0.4538
s.cyc.34.54.1.101-0x0	0	0	0	0	0	1	0	1	0	0	1	0	1	0	0	0	1	0	1	1	64.6	1.74	0.0565	2.81	0.0257	3.51	0.1431	0.6774	-0.378	-0.010	0.244	0.4312	0.3385	0.5753
s.cyc.34.54.1.110-0x0	0	0	0	0	0	1	0	1	0	0	1	1	0	0	0	0	1	0	1	1	62.1	1.52	0.0318	2.46	0.1056	3.12	0.2349	0.6615	-0.480	-0.193	0.012	0.3360	0.5793	0.6569
s.cyc.34.54.2.110-1x1	0	0	0	0	0	1	0	1	0	0	1	1	0	1	0	1	1	0	2	1	60.7	1.46	0.0191	2.26	0.0149	3.06	0.0125	0.6524	-0.508	-0.297	-0.024	0.2515	0.2455	0.1740
s.cyc.34.67.0.000-00x	0	0	0	0	0	1	0	0	1	0	0	0	0	0	0	0	0	0	0	1	73.1	3.56	0.2585	4.00	0.2089	4.03	0.3435	0.7272	0.466	0.609	0.554	0.6831	0.6956	0.7195
s.cyc.34.67.1.011-00x	0	0	0	0	0	1	0	0	1	0	0	1	1	0	0	0	0	0	1	1	57.1	1.42	0.0973	2.54	0.0460	2.57	0.0000	0.6277	-0.527	-0.151	-0.315	0.5212	0.4377	-1.0000
s.cyc.34.67.1.101-00x	0	0	0	0	0	1	0	0	1	0	1	0	1	0	0	0	0	0	1	1	62.7	1.79	0.0554	2.76	0.0164	3.38	0.1015	0.6654	-0.355	-0.036	0.167	0.4279	0.2619	0.5188
s.cyc.34.67.1.110-00x	0	0	0	0	0	1	0	0	1	0	1	1	0	0	0	0	0	0	1	1	60.2	1.49	0.0281	2.38	0.0729	2.95	0.2048	0.6490	-0.494	-0.234	-0.089	0.3155	0.5162	0.6344
s.cyc.34.67.2.110-11x	0	0	0	0	0	1	0	0	1	0	1	1	0	1	1	0	0	0	2	1	65.9	1.53	0.0184	2.15	0.0176	2.91	0.0056	0.6854	-0.476	-0.354	-0.113	0.2453	0.2739	0.0418
s.cyc.34.76.0.000-00x	0	0	0	0	0	1	0	0	1	0	0	0	0	0	0	0	1	0	0	1	73.6	3.40	0.2754	3.90	0.0836	3.98	0.1936	0.7299	0.392	0.557	0.524	0.6936	0.5395	0.6251
s.cyc.34.76.1.000-11x	0	0	0	0	0	1	0	0	1	0	0	0	0	1	1	0	1	0	1	1	79.1	1.58	0.0085	2.71	0.0114	2.93	0.0268	0.7589	-0.452	-0.063	-0.101	0.1174	0.1999	0.2996
s.cyc.34.76.1.110-00x	0	0	0	0	0	1	0	0	1	0	1	1	0	0	0	0	1	0	1	1	58.6	1.75	0.0746	2.56	0.0139	3.19	0.1553	0.6382	-0.374	-0.141	0.054	0.4772	0.2337	0.5888
s.cyc.34.76.2.110-11x	0	0	0	0	0	1	0	0	1	0	1	1	0	1	1	0	1	0	2	1	63.1	1.71	0.0461	2.09	0.0054	2.88	0.0450	0.6680	-0.392	-0.385	-0.131	0.3975	0.0725	0.3849
s.cyc.45.43.0.0x0-100	0	0	0	0	0	1	0	1	0	0	0	0	0	1	0	0	1	0	0	1	94.7	3.58	0.2592	3.71	0.0032	4.00	0.4419	0.8313	0.476	0.458	0.536	0.6835	-0.0167	0.7610
s.lin.c.33.1.000-110	0	0	0	0	1	0	0	0	0	0	0	0	0	1	1	0	0	0	1	1	100.7	1.82	0.0389	2.48	0.0113	2.61	0.0068	0.8561	-0.341	-0.182	-0.292	0.3694	0.1984	0.0738
s.lin.c.33.2.011-110	0	0	0	0	1	0	0	0	0	0	0	1	1	1	1	0	0	0	2	1	87.3	1.82	0.0831	1.91	0.0131	2.37	0.0000	0.7986	-0.341	-0.479	-0.435	0.4951	0.2236	-1.0000
s.lin.c.33.2.101-110	0	0	0	0	1	0	0	0	0	0	1	0	1	1	1	0	0	0	2	1	92.4	1.77	0.0693	2.06	0.0399	2.77	0.0003	0.8214	-0.364	-0.401	-0.196	0.4650	0.4134	-0.4400
s.lin.c.33.2.110-011	0	0	0	0	1	0	0	0	0	0	1	1	0	0	1	1	0	0	2	1	87.3	1.82	0.0831	1.91	0.0131	2.37	0.0000	0.7986	-0.341	-0.479	-0.435	0.4951	0.2236	-1.0000
s.lin.c.33.2.110-101	0	0	0	0	1	0	0	0	0	0	1	1	0	1	0	1	0	0	2	1	92.4	1.77	0.0693	2.06	0.0399	2.77	0.0003	0.8214	-0.364	-0.401	-0.196	0.4650	0.4134	-0.4400
s.lin.c.33.2.110-110	0	0	0	0	1	0	0	0	0	0	1	1	0	1	1	0	0	0	2	1	95.7	1.78	0.0626	1.92	0.0069	2.81	0.0030	0.8356	-0.360	-0.474	-0.173	0.4482	0.1143	-0.0610
s.lin.c.34.1.000-110	0	0	0	0	1	0	1	0	0	0	0	0	0	1	1	0	0	0	1	1	98.9	1.90	0.0323	2.43	0.0549	2.57	0.0194	0.8488	-0.304	-0.208	-0.315	0.3386	0.4678	0.2464
s.lin.c.34.1.110-000	0	0	0	0	1	0	1	0	0	0	1	1	0	0	0	0	0	0	1	1	100.8	1.85	0.0392	2.44	0.0078	2.63	0.0103	0.8565	-0.327	-0.203	-0.280	0.3706	0.1352	0.1421
s.lin.c.34.2.011-110	0	0	0	0	1	0	1	0	0	0	0	1	1	1	1	0	0	0	2	1	86.4	1.86	0.0654	1.96	0.0320	2.36	0.0000	0.7944	-0.323	-0.453	-0.440	0.4554	0.3758	-1.0000
s.lin.c.34.2.101-110	0	0	0	0	1	0	1	0	0	0	1	0	1	1	1	0	0	0	2	1	92.5	1.81	0.0570	2.02	0.0249	2.79	0.0477	0.8219	-0.346	-0.422	-0.185	0.4326	0.3331	0.3945
s.lin.c.34.2.110-011	0	0	0	0	1	0	1	0	0	0	1	1	0	0	1	1	0	0	2	1	85.4	1.74	0.1142	1.93	0.0073	2.44	0.0001	0.7897	-0.378	-0.469	-0.393	0.5478	0.1239	-0.6209
s.lin.c.34.2.110-101	0	0	0	0	1	0	1	0	0	0	1	1	0	1	0	1	0	0	2	1	94.3	1.89	0.0337	2.01	0.0185	2.65	0.0103	0.8296	-0.309	-0.427	-0.268	0.3456	0.2824	0.1421
s.lin.c.34.2.110-110	0	0	0	0	1	0	1	0	0	0	1	1	0	1	1	0	0	0	2	1	94.9	1.83	0.0515	1.95	0.0035	2.83	0.0450	0.8322	-0.336	-0.458	-0.161	0.4158	-0.0014	0.3849
s.lin.c.37.1.000-110	0	0	0	0	1	0	0	0	0	1	0	0	0	1	1	0	0	0	1	1	101.0	1.90	0.0056	2.64	0.0123	2.75	0.0045	0.8573	-0.304	-0.099	-0.208	0.0483	0.2128	0.0058
s.lin.c.37.1.110-000	0	0	0	0	1	0	0	0	0	1	1	1	0	0	0	0	0	0	1	1	98.2	1.85	0.0498	2.45	0.0055	2.49	0.0202	0.8459	-0.327	-0.198	-0.363	0.4103	0.0756	0.2530
s.lin.c.37.2.011-110	0	0	0	0	1	0	0	0	0	1	0	1	1	1	1	0	0	0	2	1	87.3	1.91	0.0530	1.97	0.0127	2.37	0.0000	0.7986	-0.299	-0.448	-0.435	0.4206	0.2183	-1.0000
s.lin.c.37.2.101-110	0	0	0	0	1	0	0	0	0	1	1	0	1	1	1	0	0	0	2	1	93.5	1.92	0.0270	1.97	0.0327	2.80	0.0251	0.8262	-0.295	-0.448	-0.179	0.3089	0.3795	0.2888
s.lin.c.37.2.110-011	0	0	0	0	1	0	0	0	0	1	1	1	0	0	1	1	0	0	2	1	85.5	1.77	0.0919	1.92	0.0147	2.44	0.0003	0.7902	-0.364	-0.474	-0.393	0.5118	0.2432	-0.4400
s.lin.c.37.2.110-101	0	0	0	0	1	0	0	0	0	1	1	1	0	1	0	1	0	0	2	1	94.5	1.88	0.0380	1.97	0.0165	2.83	0.0842	0.8305	-0.313	-0.448	-0.161	0.3655	0.2629	0.4880
s.lin.c.37.2.110-110	0	0	0	0	1	0	0	0	0	1	1	1	0	1	1	0	0	0	2	1	94.5	1.90	0.0309	1.98	0.0092	2.73	0.0124	0.8305	-0.304	-0.443	-0.220	0.3312	0.1633	0.1727
s.lin.c.44.0.000-000	0	0	0	0	0	0	1	0	0	0	0	0	0	0	0	0	0	0	0	1	105.4	4.09	0.4503	4.27	0.6279	4.33	0.2090	0.8744	0.712	0.750	0.732	0.7750	0.8832	0.6377
s.lin.c.44.1.000-011	0	0	0	0	0	0	1	0	0	0	0	0	0	0	1	1	0	0	1	1	90.4	1.68	0.0845	2.40	0.0016	2.52	0.0110	0.8126	-0.406	-0.224	-0.345	0.4979	-0.1348	0.1529
s.lin.c.44.1.000-101	0	0	0	0	0	0	1	0	0	0	0	0	0	1	0	1	0	0	1	1	97.8	2.08	0.0207	2.69	0.0083	2.76	0.0188	0.8443	-0.220	-0.073	-0.202	0.2649	0.1458	0.2412
s.lin.c.44.1.000-110	0	0	0	0	0	0	1	0	0	0	0	0	0	1	1	0	0	0	1	1	99.8	1.80	0.0215	2.33	0.0395	2.40	0.0155	0.8525	-0.350	-0.260	-0.417	0.2711	0.4117	0.2094
s.lin.c.44.2.011-110	0	0	0	0	0	0	1	0	0	0	0	1	1	1	1	0	0	0	2	1	85.6	1.80	0.1082	1.93	0.0073	2.41	0.0004	0.7907	-0.350	-0.469	-0.411	0.5388	0.1239	-0.3927
s.lin.c.44.2.101-101	0	0	0	0	0	0	1	0	0	0	1	0	1	1	0	1	0	0	2	1	93.0	2.03	0.0127	2.05	0.0298	2.92	0.0055	0.8241	-0.244	-0.406	-0.107	0.1839	0.3637	0.0388
s.lin.c.44.2.101-110	0	0	0	0	0	0	1	0	0	0	1	0	1	1	1	0	0	0	2	1	94.0	1.90	0.0167	2.08	0.0245	2.55	0.0245	0.8284	-0.304	-0.391	-0.327	0.2293	0.3303	0.2848
s.lin.c.44.2.110-011	0	0	0	0	0	0	1	0	0	0	1	1	0	0	1	1	0	0	2	1	85.6	1.80	0.1081	1.93	0.0073	2.41	0.0004	0.7907	-0.350	-0.469	-0.411	0.5387	0.1239	-0.3927
s.lin.c.44.2.110-101	0	0	0	0	0	0	1	0	0	0	1	1	0	1	0	1	0	0	2	1	94.0	1.90	0.0167	2.08	0.0245	2.55	0.0245	0.8284	-0.304	-0.391	-0.327	0.2293	0.3303	0.2848
s.lin.c.44.2.110-110	0	0	0	0	0	0	1	0	0	0	1	1	0	1	1	0	0	0	2	1	95.6	1.86	0.0243	1.92	0.0108	2.97	0.0013	0.8351	-0.323	-0.474	-0.077	0.2914	0.1907	-0.1986
s.lin.c.47.1.000-011	0	0	0	0	0	0	1	0	0	1	0	0	0	0	1	1	0	0	1	1	89.3	1.76	0.0602	2.47	0.0036	2.67	0.0060	0.8077	-0.369	-0.188	-0.256	0.4417	0.0034	0.0532
s.lin.c.47.1.000-101	0	0	0	0	0	0	1	0	0	1	0	0	0	1	0	1	0	0	1	1	99.4	1.98	0.0172	2.26	0.0340	2.52	0.0288	0.8508	-0.267	-0.297	-0.345	0.2342	0.3862	0.3114
s.lin.c.47.1.000-110	0	0	0	0	0	0	1	0	0	1	0	0	0	1	1	0	0	0	1	1	99.7	2.00	0.0047	2.65	0.0120	2.71	0.0189	0.8520	-0.258	-0.094	-0.232	0.0193	0.2086	0.2421
s.lin.c.47.1.110-000	0	0	0	0	0	0	1	0	0	1	1	1	0	0	0	0	0	0	1	1	101.0	1.76	0.0236	2.29	0.0398	2.29	0.0191	0.8573	-0.369	-0.281	-0.482	0.2866	0.4130	0.2438
s.lin.c.47.2.011-110	0	0	0	0	0	0	1	0	0	1	0	1	1	1	1	0	0	0	2	1	86.1	1.84	0.0750	1.97	0.0122	2.41	0.0001	0.7930	-0.332	-0.448	-0.411	0.4781	0.2114	-0.6209
s.lin.c.47.2.101-011	0	0	0	0	0	0	1	0	0	1	1	0	1	0	1	1	0	0	2	1	84.6	1.89	0.0673	1.99	0.0200	2.42	0.0003	0.7860	-0.309	-0.438	-0.405	0.4602	0.2957	-0.4400
s.lin.c.47.2.110-011	0	0	0	0	0	0	1	0	0	1	1	1	0	0	1	1	0	0	2	1	85.0	1.85	0.0684	1.98	0.0385	2.40	0.0262	0.7879	-0.327	-0.443	-0.417	0.4629	0.4073	0.2958
s.lin.c.47.2.110-101	0	0	0	0	0	0	1	0	0	1	1	1	0	1	0	1	0	0	2	1	94.9	1.90	0.0156	1.95	0.0269	2.99	0.0174	0.8322	-0.304	-0.458	-0.065	0.2180	0.3462	0.2284
s.lin.c.47.2.110-110	0	0	0	0	0	0	1	0	0	1	1	1	0	1	1	0	0	0	2	1	95.3	1.91	0.0138	2.02	0.0099	2.66	0.0267	0.8339	-0.299	-0.422	-0.262	0.1977	0.1758	0.2989
s.lin.c.77.1.000-110	0	0	0	0	0	0	0	0	0	1	0	0	0	1	1	0	0	0	1	1	101.2	1.99	0.0052	2.54	0.0075	2.69	0.0106	0.8581	-0.262	-0.151	-0.244	0.0360	0.1285	0.1468
s.lin.c.77.2.011-110	0	0	0	0	0	0	0	0	0	1	0	1	1	1	1	0	0	0	2	1	85.7	1.88	0.0544	1.94	0.0180	2.43	0.0002	0.7912	-0.313	-0.464	-0.399	0.4249	0.2777	-0.5068
s.lin.c.77.2.101-110	0	0	0	0	0	0	0	0	0	1	1	0	1	1	1	0	0	0	2	1	94.8	1.97	0.0170	2.02	0.0112	2.67	0.0379	0.8318	-0.271	-0.422	-0.256	0.2322	0.1969	0.3566
s.lin.c.77.2.110-101	0	0	0	0	0	0	0	0	0	1	1	1	0	1	0	1	0	0	2	1	94.8	1.97	0.0170	2.02	0.0112	2.67	0.0379	0.8318	-0.271	-0.422	-0.256	0.2322	0.1969	0.3566
s.lin.c.77.2.110-110	0	0	0	0	0	0	0	0	0	1	1	1	0	1	1	0	0	0	2	1	95.6	2.01	0.0098	2.01	0.0059	2.98	0.0000	0.8351	-0.253	-0.427	-0.071	0.1410	0.0876	-1.0000
s.lin.t.33.1.000-110	0	0	0	0	1	0	0	0	0	0	0	0	0	1	1	0	1	0	1	1	100.3	1.86	0.0399	2.56	0.0146	2.69	0.0159	0.8545	-0.323	-0.141	-0.244	0.3736	0.2421	0.2136
s.lin.t.33.2.011-110	0	0	0	0	1	0	0	0	0	0	0	1	1	1	1	0	1	0	2	1	86.8	1.86	0.0781	1.94	0.0169	2.38	0.0000	0.7963	-0.323	-0.464	-0.429	0.4848	0.2670	-1.0000
s.lin.t.33.2.101-110	0	0	0	0	1	0	0	0	0	0	1	0	1	1	1	0	1	0	2	1	93.2	1.85	0.0858	1.99	0.0142	2.85	0.0001	0.8249	-0.327	-0.438	-0.149	0.5004	0.2373	-0.6209
s.lin.t.33.2.110-011	0	0	0	0	1	0	0	0	0	0	1	1	0	0	1	1	1	0	2	1	86.8	1.86	0.0781	1.94	0.0169	2.38	0.0000	0.7963	-0.323	-0.464	-0.429	0.4848	0.2670	-1.0000
s.lin.t.33.2.110-101	0	0	0	0	1	0	0	0	0	0	1	1	0	1	0	1	1	0	2	1	93.2	1.85	0.0858	1.99	0.0142	2.85	0.0001	0.8249	-0.327	-0.438	-0.149	0.5004	0.2373	-0.6209
s.lin.t.33.2.110-110	0	0	0	0	1	0	0	0	0	0	1	1	0	1	1	0	1	0	2	1	94.6	1.84	0.0597	1.96	0.0030	2.84	0.0001	0.8309	-0.332	-0.453	-0.155	0.4403	-0.0277	-0.6209
s.lin.t.34.1.000-110	0	0	0	0	1	0	1	0	0	0	0	0	0	1	1	0	1	0	1	1	99.6	1.87	0.0296	2.43	0.0432	2.56	0.0223	0.8516	-0.318	-0.208	-0.321	0.3241	0.4270	0.2693
s.lin.t.34.1.110-000	0	0	0	0	1	0	1	0	0	0	1	1	0	0	0	0	1	0	1	1	100.4	1.87	0.0380	2.40	0.0059	2.65	0.0202	0.8549	-0.318	-0.224	-0.268	0.3655	0.0876	0.2530
s.lin.t.34.2.011-110	0	0	0	0	1	0	1	0	0	0	0	1	1	1	1	0	1	0	2	1	87.0	1.86	0.0437	1.95	0.0457	2.36	0.0000	0.7972	-0.323	-0.458	-0.440	0.3886	0.4366	-1.0000
s.lin.t.34.2.101-110	0	0	0	0	1	0	1	0	0	0	1	0	1	1	1	0	1	0	2	1	93.6	1.82	0.0477	1.98	0.0375	2.79	0.0415	0.8266	-0.341	-0.443	-0.185	0.4031	0.4029	0.3715
s.lin.t.34.2.110-011	0	0	0	0	1	0	1	0	0	0	1	1	0	0	1	1	1	0	2	1	85.8	1.74	0.1262	1.93	0.0036	2.40	0.0001	0.7916	-0.378	-0.469	-0.417	0.5643	0.0034	-0.6209
s.lin.t.34.2.110-101	0	0	0	0	1	0	1	0	0	0	1	1	0	1	0	1	1	0	2	1	94.1	1.89	0.0274	2.05	0.0209	2.70	0.0071	0.8288	-0.309	-0.406	-0.238	0.3113	0.3032	0.0809
s.lin.t.34.2.110-110	0	0	0	0	1	0	1	0	0	0	1	1	0	1	1	0	1	0	2	1	95.4	1.83	0.0433	1.94	0.0135	2.80	0.0368	0.8343	-0.336	-0.464	-0.179	0.3871	0.2287	0.3518
s.lin.t.37.1.000-110	0	0	0	0	1	0	0	0	0	1	0	0	0	1	1	0	1	0	1	1	100.9	1.93	0.0050	2.69	0.0138	2.78	0.0079	0.8569	-0.290	-0.073	-0.190	0.0295	0.2325	0.0984
s.lin.t.37.1.110-000	0	0	0	0	1	0	0	0	0	1	1	1	0	0	0	0	1	0	1	1	101.4	1.86	0.0378	2.40	0.0033	2.54	0.0165	0.8589	-0.323	-0.224	-0.333	0.3646	-0.0114	0.2197
s.lin.t.37.2.011-110	0	0	0	0	1	0	0	0	0	1	0	1	1	1	1	0	1	0	2	1	87.0	1.91	0.0564	1.98	0.0067	2.38	0.0000	0.7972	-0.299	-0.443	-0.429	0.4309	0.1093	-1.0000
s.lin.t.37.2.101-110	0	0	0	0	1	0	0	0	0	1	1	0	1	1	1	0	1	0	2	1	93.3	1.91	0.0172	2.04	0.0577	2.94	0.0451	0.8253	-0.299	-0.411	-0.095	0.2342	0.4763	0.3852
s.lin.t.37.2.110-011	0	0	0	0	1	0	0	0	0	1	1	1	0	0	1	1	1	0	2	1	85.1	1.81	0.0994	1.93	0.0111	2.43	0.0005	0.7883	-0.346	-0.469	-0.399	0.5248	0.1953	-0.3559
s.lin.t.37.2.110-101	0	0	0	0	1	0	0	0	0	1	1	1	0	1	0	1	1	0	2	1	95.2	1.87	0.0397	1.95	0.0233	2.76	0.1048	0.8335	-0.318	-0.458	-0.202	0.3727	0.3217	0.5241
s.lin.t.37.2.110-110	0	0	0	0	1	0	0	0	0	1	1	1	0	1	1	0	1	0	2	1	95.7	1.91	0.0228	1.99	0.0097	2.80	0.0057	0.8356	-0.299	-0.438	-0.179	0.2809	0.1724	0.0447
s.lin.t.44.1.000-110	0	0	0	0	0	0	1	0	0	0	0	0	0	1	1	0	1	0	1	1	99.6	1.88	0.0272	2.25	0.0165	2.53	0.0437	0.8516	-0.313	-0.302	-0.339	0.3101	0.2629	0.3801
s.lin.t.44.2.011-110	0	0	0	0	0	0	1	0	0	0	0	1	1	1	1	0	1	0	2	1	85.7	1.75	0.1123	1.92	0.0116	2.41	0.0010	0.7912	-0.374	-0.474	-0.411	0.5450	0.2028	-0.2418
s.lin.t.44.2.101-110	0	0	0	0	0	0	1	0	0	0	1	0	1	1	1	0	1	0	2	1	93.9	1.89	0.0178	2.09	0.0192	2.56	0.0318	0.8279	-0.309	-0.385	-0.321	0.2398	0.2887	0.3277
s.lin.t.44.2.110-011	0	0	0	0	0	0	1	0	0	0	1	1	0	0	1	1	1	0	2	1	85.7	1.75	0.1123	1.92	0.0116	2.41	0.0010	0.7912	-0.374	-0.474	-0.411	0.5450	0.2028	-0.2418
s.lin.t.44.2.110-101	0	0	0	0	0	0	1	0	0	0	1	1	0	1	0	1	1	0	2	1	93.9	1.89	0.0178	2.09	0.0192	2.56	0.0318	0.8279	-0.309	-0.385	-0.321	0.2398	0.2887	0.3277
s.lin.t.44.2.110-110	0	0	0	0	0	0	1	0	0	0	1	1	0	1	1	0	1	0	2	1	95.8	1.82	0.0299	1.90	0.0038	2.93	0.0007	0.8360	-0.341	-0.484	-0.101	0.3258	0.0126	-0.3006
s.lin.t.47.1.000-110	0	0	0	0	0	0	1	0	0	1	0	0	0	1	1	0	1	0	1	1	100.8	1.95	0.0052	2.54	0.0076	2.77	0.0117	0.8565	-0.281	-0.151	-0.196	0.0360	0.1308	0.1631
s.lin.t.47.1.110-000	0	0	0	0	0	0	1	0	0	1	1	1	0	0	0	0	1	0	1	1	101.1	1.85	0.0261	2.25	0.0106	2.42	0.0444	0.8577	-0.327	-0.302	-0.405	0.3033	0.1875	0.3827
s.lin.t.47.2.011-110	0	0	0	0	0	0	1	0	0	1	0	1	1	1	1	0	1	0	2	1	85.8	1.85	0.0796	1.99	0.0120	2.39	0.0002	0.7916	-0.327	-0.438	-0.423	0.4880	0.2086	-0.5068
s.lin.t.47.2.101-110	0	0	0	0	0	0	1	0	0	1	1	0	1	1	1	0	1	0	2	1	94.3	1.99	0.0067	2.04	0.0212	2.91	0.0095	0.8296	-0.262	-0.411	-0.113	0.0780	0.3056	0.1288
s.lin.t.47.2.110-011	0	0	0	0	0	0	1	0	0	1	1	1	0	0	1	1	1	0	2	1	84.9	1.79	0.0713	1.98	0.0363	2.40	0.0451	0.7874	-0.355	-0.443	-0.417	0.4697	0.3973	0.3852
s.lin.t.47.2.110-101	0	0	0	0	0	0	1	0	0	1	1	1	0	1	0	1	1	0	2	1	95.3	1.88	0.0203	1.93	0.0171	2.98	0.0165	0.8339	-0.313	-0.469	-0.071	0.2616	0.2690	0.2197
s.lin.t.47.2.110-110	0	0	0	0	0	0	1	0	0	1	1	1	0	1	1	0	1	0	2	1	95.0	1.91	0.0162	2.04	0.0060	2.68	0.0370	0.8326	-0.299	-0.411	-0.250	0.2242	0.0905	0.3527
s.lin.t.77.1.000-110	0	0	0	0	0	0	0	0	0	1	0	0	0	1	1	0	1	0	1	1	98.8	1.88	0.0047	2.49	0.0039	2.65	0.0445	0.8484	-0.313	-0.177	-0.268	0.0193	0.0170	0.3830
s.lin.t.77.2.011-110	0	0	0	0	0	0	0	0	0	1	0	1	1	1	1	0	1	0	2	1	85.4	1.89	0.0615	1.96	0.0140	2.41	0.0002	0.7897	-0.309	-0.453	-0.411	0.4452	0.2349	-0.5068
s.lin.t.77.2.101-110	0	0	0	0	0	0	0	0	0	1	1	0	1	1	1	0	1	0	2	1	94.7	1.98	0.0200	2.03	0.0056	2.67	0.0525	0.8313	-0.267	-0.417	-0.256	0.2592	0.0787	0.4103
s.lin.t.77.2.110-011	0	0	0	0	0	0	0	0	0	1	1	1	0	0	1	1	1	0	2	1	85.4	1.89	0.0616	1.96	0.0139	2.41	0.0002	0.7897	-0.309	-0.453	-0.411	0.4455	0.2337	-0.5068
s.lin.t.77.2.110-101	0	0	0	0	0	0	0	0	0	1	1	1	0	1	0	1	1	0	2	1	94.7	1.98	0.0200	2.03	0.0056	2.67	0.0525	0.8313	-0.267	-0.417	-0.256	0.2592	0.0787	0.4103
s.lin.t.77.2.110-110	0	0	0	0	0	0	0	0	0	1	1	1	0	1	1	0	1	0	2	1	95.5	1.99	0.0103	1.99	0.0035	2.99	0.0000	0.8347	-0.262	-0.438	-0.065	0.1492	-0.0014	-1.0000
z.cyc.17.34.1.x10-010	0	1	0	0	0	1	0	0	0	0	0	1	0	0	1	0	0	2	1	1	69.4	0.74	0.0209	1.61	0.0689	2.57	0.0000	0.7063	-0.842	-0.635	-0.315	0.2664	0.5066	-1.0000
z.cyc.34.45.1.001-1x0	0	0	0	0	0	1	0	1	0	0	0	0	1	1	0	0	0	2	1	1	98.4	0.87	0.1006	1.31	0.0276	2.18	0.0410	0.8468	-0.782	-0.792	-0.548	0.5268	0.3506	0.3696
z.cyc.34.45.1.010-0x1	0	0	0	0	0	1	0	1	0	0	0	1	0	0	0	1	0	2	1	1	71.6	1.30	0.0253	1.82	0.1303	2.92	0.0836	0.7188	-0.582	-0.526	-0.107	0.2981	0.6152	0.4868
z.cyc.34.45.1.100-0x1	0	0	0	0	0	1	0	1	0	0	1	0	0	0	0	1	0	2	1	1	82.4	1.09	0.0158	1.87	0.0634	2.76	0.0025	0.7754	-0.680	-0.500	-0.202	0.2201	0.4924	-0.0910
z.cyc.34.54.1.001-1x0	0	0	0	0	0	1	0	1	0	0	0	0	1	1	0	0	1	2	1	1	96.3	0.78	0.0495	1.27	0.0119	2.06	0.1687	0.8381	-0.824	-0.813	-0.619	0.4093	0.2072	0.6024
z.cyc.34.67.1.010-01x	0	0	0	0	0	1	0	0	1	0	0	1	0	0	1	0	0	2	1	1	73.0	0.86	0.0202	1.57	0.0802	2.57	0.0000	0.7266	-0.787	-0.656	-0.315	0.2608	0.5324	-1.0000
z.lin.c.33.1.001-010	0	0	0	0	1	0	0	0	0	0	0	0	1	0	1	0	0	2	1	1	113.4	0.99	0.0062	1.60	0.0449	2.07	0.0111	0.9039	-0.726	-0.641	-0.613	0.0651	0.4336	0.1544
z.lin.c.33.1.010-010	0	0	0	0	1	0	0	0	0	0	0	1	0	0	1	0	0	2	1	1	115.2	0.87	0.0139	1.59	0.0419	2.06	0.0110	0.9102	-0.782	-0.646	-0.619	0.1989	0.4218	0.1529
z.lin.c.33.1.010-100	0	0	0	0	1	0	0	0	0	0	0	1	0	1	0	0	0	2	1	1	117.7	1.15	0.2041	1.76	0.0047	2.27	0.0734	0.9188	-0.652	-0.557	-0.494	0.6440	0.0488	0.4654
z.lin.c.33.2.010-111	0	0	0	0	1	0	0	0	0	0	0	1	0	1	1	1	0	2	2	1	98.2	1.14	0.1678	1.52	0.0344	2.22	0.0218	0.8459	-0.657	-0.682	-0.524	0.6115	0.3882	0.2656
z.lin.c.34.1.001-010	0	0	0	0	1	0	1	0	0	0	0	0	1	0	1	0	0	2	1	1	108.0	1.05	0.0970	1.70	0.1093	2.36	0.1017	0.8842	-0.698	-0.589	-0.440	0.5207	0.5852	0.5191
z.lin.c.34.1.010-001	0	0	0	0	1	0	1	0	0	0	0	1	0	0	0	1	0	2	1	1	112.2	1.00	0.0014	1.55	0.0593	2.12	0.0068	0.8996	-0.722	-0.667	-0.583	-0.1814	0.4810	0.0738
z.lin.c.34.1.010-010	0	0	0	0	1	0	1	0	0	0	0	1	0	0	1	0	0	2	1	1	108.4	1.06	0.1832	1.68	0.0017	2.28	0.0246	0.8857	-0.694	-0.599	-0.488	0.6261	-0.1245	0.2855
z.lin.c.34.1.010-100	0	0	0	0	1	0	1	0	0	0	0	1	0	1	0	0	0	2	1	1	122.8	1.08	0.0396	1.40	0.0020	2.00	0.0261	0.9359	-0.684	-0.745	-0.655	0.3723	-0.0968	0.2952
z.lin.c.34.2.010-111	0	0	0	0	1	0	1	0	0	0	0	1	0	1	1	1	0	2	2	1	98.7	1.10	0.1304	1.48	0.0260	2.15	0.0007	0.8480	-0.675	-0.703	-0.565	0.5697	0.3404	-0.3006
z.lin.c.37.1.001-010	0	0	0	0	1	0	0	0	0	1	0	0	1	0	1	0	0	2	1	1	113.7	1.00	0.0015	1.62	0.0067	2.08	0.0162	0.9049	-0.722	-0.630	-0.607	-0.1699	0.1093	0.2167
z.lin.c.37.1.010-001	0	0	0	0	1	0	0	0	0	1	0	1	0	0	0	1	0	2	1	1	107.8	1.06	0.1466	1.71	0.0035	2.23	0.0092	0.8835	-0.694	-0.583	-0.518	0.5891	-0.0014	0.1235
z.lin.c.37.1.010-010	0	0	0	0	1	0	0	0	0	1	0	1	0	0	1	0	0	2	1	1	115.6	0.93	0.0006	1.57	0.0036	2.04	0.0195	0.9116	-0.754	-0.656	-0.631	-0.3217	0.0034	0.2472
z.lin.c.37.1.010-100	0	0	0	0	1	0	0	0	0	1	0	1	0	1	0	0	0	2	1	1	121.6	1.11	0.0462	1.45	0.0016	2.02	0.0284	0.9320	-0.671	-0.719	-0.643	0.3978	-0.1348	0.3091
z.lin.c.37.1.100-010	0	0	0	0	1	0	0	0	0	1	1	0	0	0	1	0	0	2	1	1	120.8	1.13	0.0046	1.74	0.0026	2.15	0.0234	0.9293	-0.661	-0.568	-0.565	0.0157	-0.0521	0.2772
z.lin.c.37.2.010-111	0	0	0	0	1	0	0	0	0	1	0	1	0	1	1	1	0	2	2	1	97.4	1.22	0.1380	1.61	0.0122	2.18	0.0016	0.8427	-0.619	-0.635	-0.548	0.5791	0.2114	-0.1645
z.lin.c.37.2.111-010	0	0	0	0	1	0	0	0	0	1	1	1	1	0	1	0	0	2	2	1	102.0	0.93	0.0038	1.22	0.0296	1.99	0.0249	0.8612	-0.754	-0.839	-0.661	-0.0160	0.3625	0.2874
z.lin.c.44.1.001-001	0	0	0	0	0	0	1	0	0	0	0	0	1	0	0	1	0	2	1	1	116.7	0.77	0.0024	1.28	0.0120	1.77	0.0473	0.9154	-0.828	-0.807	-0.792	-0.0921	0.2086	0.3931
z.lin.c.44.1.001-010	0	0	0	0	0	0	1	0	0	0	0	0	1	0	1	0	0	2	1	1	108.4	0.92	0.0055	1.54	0.1709	2.26	0.0276	0.8857	-0.759	-0.672	-0.500	0.0453	0.6614	0.3044
z.lin.c.44.1.001-100	0	0	0	0	0	0	1	0	0	0	0	0	1	1	0	0	0	2	1	1	126.8	0.86	0.0069	1.28	0.0060	1.73	0.0455	0.9488	-0.787	-0.807	-0.815	0.0829	0.0905	0.3867
z.lin.c.47.1.100-010	0	0	0	0	0	0	1	0	0	1	1	0	0	0	1	0	0	2	1	1	123.1	1.07	0.0026	1.50	0.0035	2.01	0.0170	0.9369	-0.689	-0.693	-0.649	-0.0788	-0.0014	0.2246
z.lin.c.77.1.010-010	0	0	0	0	0	0	0	0	0	1	0	1	0	0	1	0	0	2	1	1	116.2	0.94	0.0000	1.59	0.0007	1.99	0.0228	0.9137	-0.749	-0.646	-0.661	-1.0000	-0.2758	0.2729
s.lin.c.77.1.110-000	0	0	0	0	0	0	0	0	0	1	1	1	0	0	0	0	0	0	1	1	100.3	2.00	0.0045	2.63	0.0102	2.65	0.0206	0.8545	-0.258	-0.104	-0.268	0.0120	0.1809	0.2562
z.lin.t.33.1.001-010	0	0	0	0	1	0	0	0	0	0	0	0	1	0	1	0	1	2	1	1	113.3	1.03	0.0038	1.72	0.0616	2.14	0.0041	0.9035	-0.708	-0.578	-0.571	-0.0160	0.4875	-0.0095
z.lin.t.33.1.010-010	0	0	0	0	1	0	0	0	0	0	0	1	0	0	1	0	1	2	1	1	115.0	1.03	0.0353	1.61	0.0437	2.13	0.0066	0.9095	-0.708	-0.635	-0.577	0.3533	0.4289	0.0688
z.lin.t.33.1.010-100	0	0	0	0	1	0	0	0	0	0	0	1	0	1	0	0	1	2	1	1	118.0	1.24	0.2273	1.80	0.0078	2.27	0.0444	0.9199	-0.610	-0.536	-0.494	0.6618	0.1352	0.3827
z.lin.t.33.2.010-111	0	0	0	0	1	0	0	0	0	0	0	1	0	1	1	1	1	2	2	1	98.7	1.26	0.2313	1.52	0.0302	2.26	0.0289	0.8480	-0.601	-0.682	-0.500	0.6647	0.3660	0.3120
z.lin.t.34.1.001-010	0	0	0	0	1	0	1	0	0	0	0	0	1	0	1	0	1	2	1	1	110.0	0.89	0.0291	1.51	0.1344	2.15	0.0267	0.8916	-0.773	-0.688	-0.565	0.3213	0.6205	0.2989
z.lin.t.34.1.010-001	0	0	0	0	1	0	1	0	0	0	0	1	0	0	0	1	1	2	1	1	112.1	1.00	0.0015	1.56	0.0617	2.14	0.0059	0.8992	-0.722	-0.661	-0.571	-0.1699	0.4877	0.0504
z.lin.t.34.1.010-010	0	0	0	0	1	0	1	0	0	0	0	1	0	0	1	0	1	2	1	1	108.7	1.07	0.1900	1.76	0.0056	2.37	0.0472	0.8868	-0.689	-0.557	-0.435	0.6321	0.0787	0.3927
z.lin.t.34.1.010-100	0	0	0	0	1	0	1	0	0	0	0	1	0	1	0	0	1	2	1	1	123.0	1.14	0.0490	1.42	0.0113	2.04	0.0174	0.9366	-0.657	-0.734	-0.631	0.4076	0.1984	0.2284
z.lin.t.34.2.010-111	0	0	0	0	1	0	1	0	0	0	0	1	0	1	1	1	1	2	2	1	98.7	1.16	0.1590	1.47	0.0199	2.16	0.0014	0.8480	-0.647	-0.708	-0.560	0.6026	0.2949	-0.1864
z.lin.t.37.1.001-010	0	0	0	0	1	0	0	0	0	1	0	0	1	0	1	0	1	2	1	1	113.7	1.00	0.0004	1.65	0.0037	2.09	0.0225	0.9049	-0.722	-0.615	-0.601	-0.3889	0.0081	0.2708
z.lin.t.37.1.010-001	0	0	0	0	1	0	0	0	0	1	0	1	0	0	0	1	1	2	1	1	108.1	0.98	0.1075	1.77	0.0285	2.28	0.0096	0.8846	-0.731	-0.552	-0.488	0.5377	0.3561	0.1305
z.lin.t.37.1.010-010	0	0	0	0	1	0	0	0	0	1	0	1	0	0	1	0	1	2	1	1	115.6	0.93	0.0038	1.59	0.0040	2.07	0.0223	0.9116	-0.754	-0.646	-0.613	-0.0160	0.0213	0.2693
z.lin.t.37.1.010-100	0	0	0	0	1	0	0	0	0	1	0	1	0	1	0	0	1	2	1	1	124.4	1.15	0.0347	1.44	0.0057	2.02	0.0210	0.9411	-0.652	-0.724	-0.643	0.3504	0.0817	0.2594
z.lin.t.37.1.100-010	0	0	0	0	1	0	0	0	0	1	1	0	0	0	1	0	1	2	1	1	121.5	1.01	0.0078	1.55	0.0008	2.02	0.0323	0.9316	-0.717	-0.667	-0.643	0.1032	-0.2530	0.3303
z.lin.t.37.2.010-111	0	0	0	0	1	0	0	0	0	1	0	1	0	1	1	1	1	2	2	1	98.1	1.20	0.1241	1.54	0.0170	2.16	0.0004	0.8455	-0.629	-0.672	-0.560	0.5615	0.2680	-0.3927
z.lin.t.37.2.111-010	0	0	0	0	1	0	0	0	0	1	1	1	1	0	1	0	1	2	2	1	102.3	1.01	0.0080	1.23	0.0302	2.02	0.0287	0.8624	-0.717	-0.833	-0.643	0.1074	0.3660	0.3108
z.lin.t.44.1.001-010	0	0	0	0	0	0	1	0	0	0	0	0	1	0	1	0	1	2	1	1	108.1	0.88	0.0032	1.48	0.1576	2.20	0.0271	0.8846	-0.777	-0.703	-0.536	-0.0444	0.6476	0.3014
z.lin.t.47.1.001-010	0	0	0	0	0	0	1	0	0	1	0	0	1	0	1	0	1	2	1	1	112.2	1.01	0.0019	1.50	0.0041	2.14	0.0260	0.8996	-0.717	-0.693	-0.571	-0.1308	0.0256	0.2946
z.lin.t.47.1.100-010	0	0	0	0	0	0	1	0	0	1	1	0	0	0	1	0	1	2	1	1	123.1	1.09	0.0026	1.41	0.0014	1.97	0.0262	0.9369	-0.680	-0.740	-0.673	-0.0788	-0.1576	0.2958
z.lin.t.47.2.111-010	0	0	0	0	0	0	1	0	0	1	1	1	1	0	1	0	1	2	2	1	99.8	1.04	0.0093	1.45	0.0381	2.09	0.0389	0.8525	-0.703	-0.719	-0.601	0.1323	0.4056	0.3609
s.lin.c.33.0.000-000	0	0	0	0	1	0	0	0	0	0	0	0	0	0	0	0	0	0	0	1	108.6	3.97	0.2266	4.21	0.3612	4.24	0.3765	0.8865	0.657	0.719	0.679	0.6613	0.7890	0.7346
s.lin.t.34.0.000-000	0	0	0	0	1	0	1	0	0	0	0	0	0	0	0	0	1	0	0	1	108.3	4.10	0.3067	4.23	0.3883	4.27	0.4133	0.8853	0.717	0.729	0.696	0.7114	0.8013	0.7500
s.lin.t.37.0.000-000	0	0	0	0	1	0	0	0	0	1	0	0	0	0	0	0	1	0	0	1	107.8	4.12	0.3027	4.25	0.2289	4.28	0.5908	0.8835	0.726	0.740	0.702	0.7092	0.7112	0.8088
s.lin.c.47.0.000-000	0	0	0	0	0	0	1	0	0	1	0	0	0	0	0	0	0	0	0	1	105.9	4.08	0.3279	4.27	0.6018	4.32	0.1932	0.8763	0.708	0.750	0.726	0.7225	0.8760	0.6248
s.lin.c.77.0.000-000	0	0	0	0	0	0	0	0	0	1	0	0	0	0	0	0	0	0	0	1	107.9	4.23	0.3789	4.30	0.4241	4.48	0.3788	0.8839	0.777	0.766	0.821	0.7464	0.8164	0.7356
d.lin.c.33.1.100-100	0	0	0	0	1	0	0	0	0	0	1	0	0	1	0	0	0	1	1	1	108.0	2.26	0.1071	2.33	0.0195	2.78	0.3924	0.8842	-0.137	-0.260	-0.190	0.5371	0.2914	0.7414
d.lin.t.34.1.100-100	0	0	0	0	1	0	1	0	0	0	1	0	0	1	0	0	1	1	1	1	125.3	1.52	0.1421	1.91	0.0555	2.26	0.3571	0.9440	-0.480	-0.479	-0.500	0.5840	0.4697	0.7259
d.lin.t.37.1.100-100	0	0	0	0	1	0	0	0	0	1	1	0	0	1	0	0	1	1	1	1	125.5	1.62	0.1123	1.90	0.0726	2.27	0.3532	0.9447	-0.434	-0.484	-0.494	0.5450	0.5155	0.7241
d.lin.t.37.1.100-001	0	0	0	0	1	0	0	0	0	1	1	0	0	0	0	1	1	1	1	1	102.5	1.87	0.1249	2.13	0.0105	2.76	0.3671	0.8632	-0.318	-0.365	-0.202	0.5626	0.1859	0.7304
s.lin.c.33.1.000-101	0	0	0	0	1	0	0	0	0	0	0	0	0	1	0	1	0	0	1	1	98.1	1.98	0.0944	2.71	0.0619	2.81	0.0215	0.8455	-0.267	-0.063	-0.173	0.5162	0.4883	0.2633
s.lin.t.34.1.000-101	0	0	0	0	1	0	1	0	0	0	0	0	0	1	0	1	1	0	1	1	99.7	1.97	0.0197	2.74	0.0126	2.83	0.0101	0.8520	-0.271	-0.047	-0.161	0.2566	0.2169	0.1389
s.lin.t.37.1.000-101	0	0	0	0	1	0	0	0	0	1	0	0	0	1	0	1	1	0	1	1	99.6	1.94	0.0172	2.40	0.0803	2.57	0.0247	0.8516	-0.285	-0.224	-0.315	0.2342	0.5327	0.2861
d.lin.c.47.1.100-100	0	0	0	0	0	0	1	0	0	1	1	0	0	1	0	0	0	1	1	1	141.2	1.10	0.1294	1.42	0.0988	1.72	0.0900	0.9921	-0.675	-0.734	-0.821	0.5685	0.5680	0.4990
s.lin.t.34.1.101-000	0	0	0	0	1	0	1	0	0	0	1	0	1	0	0	0	1	0	1	1	98.6	1.91	0.0738	2.44	0.0170	2.65	0.0299	0.8476	-0.299	-0.203	-0.268	0.4754	0.2680	0.3176
d.lin.c.77.1.100-001	0	0	0	0	0	0	0	0	0	1	1	0	0	0	0	1	0	1	1	1	113.1	1.39	0.1662	1.50	0.0062	2.22	0.2374	0.9028	-0.541	-0.693	-0.524	0.6099	0.0961	0.6587
d.lin.c.77.1.001-100	0	0	0	0	0	0	0	0	0	1	0	0	1	1	0	0	0	1	1	1	113.1	1.39	0.1663	1.50	0.0062	2.22	0.2374	0.9028	-0.541	-0.693	-0.524	0.6100	0.0961	0.6587
d.lin.c.77.1.001-001	0	0	0	0	0	0	0	0	0	1	0	0	1	0	0	1	0	1	1	1	131.6	3.32	0.1555	3.65	0.2076	3.90	0.1272	0.9638	0.355	0.427	0.476	0.5989	0.6946	0.5559
s.lin.t.37.1.101-000	0	0	0	0	1	0	0	0	0	1	1	0	1	0	0	0	1	0	1	1	99.6	1.98	0.0721	2.53	0.0174	2.66	0.0364	0.8516	-0.267	-0.156	-0.262	0.4716	0.2720	0.3500
s.lin.c.47.1.101-000	0	0	0	0	0	0	1	0	0	1	1	0	1	0	0	0	0	0	1	1	98.6	2.09	0.0200	2.68	0.0131	2.70	0.0124	0.8476	-0.216	-0.078	-0.238	0.2592	0.2236	0.1727
s.lin.c.77.1.000-101	0	0	0	0	0	0	0	0	0	1	0	0	0	1	0	1	0	0	1	1	100.5	1.85	0.0142	2.27	0.0801	2.32	0.0105	0.8553	-0.327	-0.292	-0.464	0.2024	0.5322	0.1453
d.lin.c.33.2.111-100	0	0	0	0	1	0	0	0	0	0	1	1	1	1	0	0	0	1	2	1	91.2	2.13	0.0595	2.40	0.0015	2.54	0.0211	0.8162	-0.197	-0.224	-0.333	0.4398	-0.1459	0.2602
d.lin.t.34.2.111-100	0	0	0	0	1	0	1	0	0	0	1	1	1	1	0	0	1	1	2	1	108.2	1.45	0.1313	2.21	0.2060	2.30	0.2359	0.8850	-0.513	-0.323	-0.476	0.5709	0.6933	0.6576
d.lin.t.37.2.111-100	0	0	0	0	1	0	0	0	0	1	1	1	1	1	0	0	1	1	2	1	108.1	1.62	0.1008	2.20	0.3476	2.40	0.1072	0.8846	-0.434	-0.328	-0.417	0.5271	0.7824	0.5278
d.lin.t.37.2.111-001	0	0	0	0	1	0	0	0	0	1	1	1	1	0	0	1	1	1	2	1	85.5	1.81	0.1089	2.38	0.0097	2.45	0.0184	0.7902	-0.346	-0.234	-0.387	0.5399	0.1724	0.2376
s.lin.c.33.2.101-101	0	0	0	0	1	0	0	0	0	0	1	0	1	1	0	1	0	0	2	1	90.7	1.85	0.1041	2.09	0.0315	2.86	0.0049	0.8140	-0.327	-0.385	-0.143	0.5324	0.3731	0.0198
s.lin.c.33.2.101-011	0	0	0	0	1	0	0	0	0	0	1	0	1	0	1	1	0	0	2	1	84.4	1.85	0.1023	2.03	0.0396	2.36	0.0000	0.7850	-0.327	-0.417	-0.440	0.5295	0.4122	-1.0000
s.lin.t.34.2.101-101	0	0	0	0	1	0	1	0	0	0	1	0	1	1	0	1	1	0	2	1	92.1	1.95	0.0487	2.05	0.0262	2.76	0.0316	0.8201	-0.281	-0.406	-0.202	0.4066	0.3417	0.3267
s.lin.t.34.2.101-011	0	0	0	0	1	0	1	0	0	0	1	0	1	0	1	1	1	0	2	1	84.2	1.72	0.1508	1.96	0.0213	2.41	0.0003	0.7840	-0.387	-0.453	-0.411	0.5938	0.3064	-0.4400
s.lin.t.37.2.101-101	0	0	0	0	1	0	0	0	0	1	1	0	1	1	0	1	1	0	2	1	93.1	1.83	0.0386	2.01	0.0804	2.74	0.1062	0.8245	-0.336	-0.427	-0.214	0.3681	0.5329	0.5262
s.lin.t.37.2.101-011	0	0	0	0	1	0	0	0	0	1	1	0	1	0	1	1	1	0	2	1	83.8	1.80	0.1260	1.94	0.0200	2.44	0.0010	0.7821	-0.350	-0.464	-0.393	0.5641	0.2957	-0.2418
s.lin.c.33.2.011-101	0	0	0	0	1	0	0	0	0	0	0	1	1	1	0	1	0	0	2	1	84.4	1.85	0.1023	2.03	0.0396	2.36	0.0000	0.7850	-0.327	-0.417	-0.440	0.5295	0.4122	-1.0000
s.lin.c.33.2.011-011	0	0	0	0	1	0	0	0	0	0	0	1	1	0	1	1	0	0	2	1	79.0	1.86	0.1167	1.91	0.0077	2.37	0.0000	0.7584	-0.323	-0.479	-0.435	0.5514	0.1330	-1.0000
s.lin.t.34.2.011-101	0	0	0	0	1	0	1	0	0	0	0	1	1	1	0	1	1	0	2	1	85.9	1.91	0.0584	2.03	0.0194	2.37	0.0000	0.7921	-0.299	-0.417	-0.435	0.4367	0.2905	-1.0000
s.lin.t.34.2.011-011	0	0	0	0	1	0	1	0	0	0	0	1	1	0	1	1	1	0	2	1	77.8	1.79	0.1285	1.92	0.0207	2.36	0.0004	0.7522	-0.355	-0.474	-0.440	0.5673	0.3016	-0.3927
s.lin.t.37.2.011-101	0	0	0	0	1	0	0	0	0	1	0	1	1	1	0	1	1	0	2	1	86.6	1.92	0.0524	1.94	0.0321	2.36	0.0000	0.7954	-0.295	-0.464	-0.440	0.4187	0.3764	-1.0000
s.lin.t.37.2.011-011	0	0	0	0	1	0	0	0	0	1	0	1	1	0	1	1	1	0	2	1	77.3	1.86	0.1196	1.92	0.0047	2.38	0.0000	0.7496	-0.323	-0.474	-0.429	0.5554	0.0488	-1.0000
d.lin.t.34.2.100-111	0	0	0	0	1	0	1	0	0	0	1	0	0	1	1	1	1	1	2	1	94.4	2.28	0.0407	2.69	0.0690	2.78	0.0455	0.8301	-0.128	-0.073	-0.190	0.3769	0.5068	0.3867
d.lin.c.47.2.111-100	0	0	0	0	0	0	1	0	0	1	1	1	1	1	0	0	0	1	2	1	110.2	1.57	0.0338	2.53	0.1327	2.61	0.1402	0.8923	-0.457	-0.156	-0.292	0.3461	0.6183	0.5720
d.lin.c.47.2.111-001	0	0	0	0	0	0	1	0	0	1	1	1	1	0	0	1	0	1	2	1	89.1	1.67	0.1430	2.18	0.0186	2.52	0.1560	0.8068	-0.411	-0.339	-0.345	0.5850	0.2833	0.5895
s.lin.c.44.2.101-011	0	0	0	0	0	0	1	0	0	0	1	0	1	0	1	1	0	0	2	1	84.9	1.84	0.0812	2.02	0.0210	2.40	0.0001	0.7874	-0.332	-0.422	-0.417	0.4913	0.3040	-0.6209
s.lin.c.47.2.101-110	0	0	0	0	0	0	1	0	0	1	1	0	1	1	1	0	0	0	2	1	96.6	2.13	0.0025	2.16	0.0226	3.01	0.0275	0.8393	-0.197	-0.349	-0.054	-0.0853	0.3165	0.3038
s.lin.c.47.2.101-101	0	0	0	0	0	0	1	0	0	1	1	0	1	1	0	1	0	0	2	1	93.7	1.96	0.0174	2.07	0.0269	2.56	0.0397	0.8271	-0.276	-0.396	-0.321	0.2361	0.3462	0.3642
s.lin.c.44.2.011-101	0	0	0	0	0	0	1	0	0	0	0	1	1	1	0	1	0	0	2	1	84.9	1.84	0.0812	2.02	0.0210	2.40	0.0001	0.7874	-0.332	-0.422	-0.417	0.4913	0.3040	-0.6209
s.lin.c.44.2.011-011	0	0	0	0	0	0	1	0	0	0	0	1	1	0	1	1	0	0	2	1	76.4	1.73	0.1715	1.93	0.0000	2.38	0.0003	0.7449	-0.383	-0.469	-0.429	0.6151	-1.0000	-0.4400
s.lin.c.47.2.011-101	0	0	0	0	0	0	1	0	0	1	0	1	1	1	0	1	0	0	2	1	85.1	1.83	0.0966	1.96	0.0203	2.42	0.0008	0.7883	-0.336	-0.453	-0.405	0.5200	0.2982	-0.2786
s.lin.c.47.2.011-011	0	0	0	0	0	0	1	0	0	1	0	1	1	0	1	1	0	0	2	1	76.1	1.77	0.1483	1.94	0.0062	2.36	0.0005	0.7433	-0.364	-0.464	-0.440	0.5910	0.0961	-0.3559
d.lin.t.37.2.100-111	0	0	0	0	1	0	0	0	0	1	1	0	0	1	1	1	1	1	2	1	92.0	2.16	0.0501	2.61	0.1236	2.75	0.0323	0.8197	-0.183	-0.115	-0.208	0.4113	0.6062	0.3303
d.lin.c.77.2.111-100	0	0	0	0	0	0	0	0	0	1	1	1	1	1	0	0	0	1	2	1	112.3	1.33	0.0740	1.97	0.1955	2.12	0.0178	0.8999	-0.568	-0.448	-0.583	0.4759	0.6843	0.2322
d.lin.c.77.2.111-001	0	0	0	0	0	0	0	0	0	1	1	1	1	0	0	1	0	1	2	1	81.8	1.80	0.1207	2.33	0.0300	2.77	0.0240	0.7724	-0.350	-0.260	-0.196	0.5569	0.3648	0.2814
s.lin.c.77.2.110-011	0	0	0	0	0	0	0	0	0	1	1	1	0	0	1	1	0	0	2	1	88.2	1.80	0.0506	1.99	0.0094	2.54	0.0025	0.8027	-0.350	-0.438	-0.333	0.4129	0.1670	-0.0910
s.lin.c.77.2.101-101	0	0	0	0	0	0	0	0	0	1	1	0	1	1	0	1	0	0	2	1	94.3	1.96	0.0138	1.97	0.0350	3.07	0.0029	0.8296	-0.276	-0.448	-0.018	0.1977	0.3911	-0.0665
s.lin.c.77.2.101-011	0	0	0	0	0	0	0	0	0	1	1	0	1	0	1	1	0	0	2	1	83.6	1.77	0.1262	2.00	0.0457	2.48	0.1412	0.7812	-0.364	-0.432	-0.369	0.5643	0.4366	0.5731
s.lin.c.77.2.011-101	0	0	0	0	0	0	0	0	0	1	0	1	1	1	0	1	0	0	2	1	83.6	1.77	0.1263	2.00	0.0458	2.48	0.1413	0.7812	-0.364	-0.432	-0.369	0.5644	0.4369	0.5733
s.lin.c.77.2.011-011	0	0	0	0	0	0	0	0	0	1	0	1	1	0	1	1	0	0	2	1	76.2	1.83	0.1309	1.92	0.0007	2.40	0.0010	0.7439	-0.336	-0.474	-0.417	0.5704	-0.2758	-0.2418
d.lin.c.33.3.111-111	0	0	0	0	1	0	0	0	0	0	1	1	1	1	1	1	0	1	3	1	76.8	2.39	0.0104	2.41	0.0000	2.53	0.0978	0.7470	-0.077	-0.219	-0.339	0.1508	-1.0000	0.5127
d.lin.c.34.3.111-111	0	0	0	0	1	0	1	0	0	0	1	1	1	1	1	1	0	1	3	1	76.9	2.41	0.0130	2.53	0.1742	2.69	0.0060	0.7476	-0.067	-0.156	-0.244	0.1878	0.6647	0.0532
d.lin.c.37.3.111-111	0	0	0	0	1	0	0	0	0	1	1	1	1	1	1	1	0	1	3	1	75.7	2.40	0.0000	2.65	0.2107	2.79	0.0138	0.7412	-0.072	-0.094	-0.185	-1.0000	0.6971	0.1903
d.lin.c.44.3.111-111	0	0	0	0	0	0	1	0	0	0	1	1	1	1	1	1	0	1	3	1	78.9	2.72	0.1079	2.83	0.0005	2.85	0.0015	0.7579	0.077	0.000	-0.149	0.5384	-0.3331	-0.1751
d.lin.c.47.3.111-111	0	0	0	0	0	0	1	0	0	1	1	1	1	1	1	1	0	1	3	1	79.2	2.67	0.1620	2.80	0.0522	2.83	0.0021	0.7594	0.053	-0.016	-0.161	0.6057	0.4592	-0.1197
d.lin.c.77.3.111-111	0	0	0	0	0	0	0	0	0	1	1	1	1	1	1	1	0	1	3	1	84.0	2.67	0.1617	2.82	0.0007	2.84	0.0011	0.7831	0.053	-0.005	-0.155	0.6054	-0.2758	-0.2261
s.lin.t.33.0.000-000	0	0	0	0	1	0	0	0	0	0	0	0	0	0	0	0	1	0	0	1	108.6	4.04	0.2724	4.25	0.2236	4.26	0.6876	0.8865	0.689	0.740	0.690	0.6918	0.7072	0.8338
s.lin.c.34.0.000-000	0	0	0	0	1	0	1	0	0	0	0	0	0	0	0	0	0	0	0	1	108.4	4.06	0.2708	4.23	0.3235	4.29	0.6632	0.8857	0.698	0.729	0.708	0.6908	0.7702	0.8278
s.lin.c.37.0.000-000	0	0	0	0	1	0	0	0	0	1	0	0	0	0	0	0	0	0	0	1	106.2	4.00	0.3198	4.17	0.2714	4.22	0.2712	0.8775	0.671	0.698	0.667	0.7183	0.7403	0.6806
s.lin.t.44.0.000-000	0	0	0	0	0	0	1	0	0	0	0	0	0	0	0	0	1	0	0	1	108.0	4.17	0.3821	4.23	0.2269	4.27	0.7447	0.8842	0.749	0.729	0.696	0.7478	0.7097	0.8469
s.lin.t.47.0.000-000	0	0	0	0	0	0	1	0	0	1	0	0	0	0	0	0	1	0	0	1	107.5	4.15	0.4229	4.24	0.4081	4.30	0.3162	0.8824	0.740	0.734	0.714	0.7646	0.8098	0.7059
s.lin.t.77.0.000-000	0	0	0	0	0	0	0	0	0	1	0	0	0	0	0	0	1	0	0	1	107.9	4.23	0.4708	4.29	0.2981	4.46	0.4938	0.8839	0.777	0.760	0.810	0.7824	0.7563	0.7793
d.lin.t.33.1.100-100	0	0	0	0	1	0	0	0	0	0	1	0	0	1	0	0	1	1	1	1	113.0	2.22	0.1103	2.29	0.0013	2.81	0.5107	0.9024	-0.155	-0.281	-0.173	0.5420	-0.1702	0.7848
d.lin.c.34.1.100-100	0	0	0	0	1	0	1	0	0	0	1	0	0	1	0	0	0	1	1	1	124.1	1.52	0.1143	1.88	0.0768	2.22	0.2667	0.9401	-0.480	-0.495	-0.524	0.5479	0.5251	0.6778
d.lin.c.37.1.100-100	0	0	0	0	1	0	0	0	0	1	1	0	0	1	0	0	0	1	1	1	125.8	1.51	0.1085	1.76	0.0507	2.11	0.2346	0.9456	-0.485	-0.557	-0.589	0.5393	0.4543	0.6567
d.lin.c.37.1.100-001	0	0	0	0	1	0	0	0	0	1	1	0	0	0	0	1	0	1	1	1	100.2	1.87	0.1377	2.13	0.0089	2.75	0.2918	0.8541	-0.318	-0.365	-0.208	0.5788	0.1577	0.6926
s.lin.t.33.1.000-101	0	0	0	0	1	0	0	0	0	0	0	0	0	1	0	1	1	0	1	1	98.8	1.89	0.0739	2.58	0.0323	2.66	0.0108	0.8484	-0.309	-0.130	-0.262	0.4757	0.3774	0.1499
s.lin.c.34.1.000-101	0	0	0	0	1	0	1	0	0	0	0	0	0	1	0	1	0	0	1	1	99.8	1.95	0.0204	2.69	0.0133	2.78	0.0017	0.8525	-0.281	-0.073	-0.190	0.2624	0.2262	-0.1545
s.lin.c.37.1.000-101	0	0	0	0	1	0	0	0	0	1	0	0	0	1	0	1	0	0	1	1	99.0	1.98	0.0185	2.39	0.0848	2.55	0.0170	0.8492	-0.267	-0.229	-0.327	0.2462	0.5420	0.2246
d.lin.t.44.1.100-100	0	0	0	0	0	0	1	0	0	0	1	0	0	1	0	0	1	1	1	1	142.2	1.11	0.2067	1.18	0.0025	1.56	0.2131	0.9949	-0.671	-0.859	-0.917	0.6461	-0.0588	0.6409
d.lin.t.47.1.100-100	0	0	0	0	0	0	1	0	0	1	1	0	0	1	0	0	1	1	1	1	144.0	1.10	0.0405	1.18	0.1204	1.64	0.2115	1.0000	-0.675	-0.859	-0.869	0.3760	0.6017	0.6397
d.cyc.34.67.0.100-00x	0	0	0	0	0	1	0	0	1	0	1	0	0	0	0	0	0	1	0	1	93.6	3.63	0.2329	3.70	0.0018	3.96	0.2922	0.8266	0.499	0.453	0.512	0.6658	-0.1148	0.6929
s.lin.c.34.1.101-000	0	0	0	0	1	0	1	0	0	0	1	0	1	0	0	0	0	0	1	1	98.1	1.98	0.1013	2.64	0.0474	2.80	0.0524	0.8455	-0.267	-0.099	-0.179	0.5279	0.4428	0.4099
s.lin.t.44.1.000-101	0	0	0	0	0	0	1	0	0	0	0	0	0	1	0	1	1	0	1	1	99.3	1.99	0.0196	2.58	0.0070	2.82	0.0166	0.8504	-0.262	-0.130	-0.167	0.2558	0.1167	0.2207
s.lin.t.47.1.000-101	0	0	0	0	0	0	1	0	0	1	0	0	0	1	0	1	1	0	1	1	99.7	1.96	0.0155	2.24	0.0334	2.54	0.0419	0.8520	-0.276	-0.307	-0.333	0.2169	0.3831	0.3731
d.lin.t.77.1.001-001	0	0	0	0	0	0	0	0	0	1	0	0	1	0	0	1	1	1	1	1	93.8	1.61	0.1270	1.89	0.0006	2.68	0.3063	0.8275	-0.439	-0.490	-0.250	0.5654	-0.3020	0.7006
d.lin.t.77.1.100-001	0	0	0	0	0	0	0	0	0	1	1	0	0	0	0	1	1	1	1	1	121.3	1.34	0.2632	1.68	0.0054	2.13	0.1211	0.9310	-0.564	-0.599	-0.577	0.6861	0.0725	0.5479
d.lin.t.77.1.001-100	0	0	0	0	0	0	0	0	0	1	0	0	1	1	0	0	1	1	1	1	121.3	1.34	0.2632	1.68	0.0054	2.13	0.1212	0.9310	-0.564	-0.599	-0.577	0.6861	0.0725	0.5480
s.lin.c.37.1.101-000	0	0	0	0	1	0	0	0	0	1	1	0	1	0	0	0	0	0	1	1	98.3	1.90	0.0577	2.53	0.0323	2.59	0.0054	0.8464	-0.304	-0.156	-0.304	0.4347	0.3774	0.0358
s.lin.t.47.1.101-000	0	0	0	0	0	0	1	0	0	1	1	0	1	0	0	0	1	0	1	1	100.0	2.02	0.0192	2.60	0.0036	2.76	0.0221	0.8533	-0.248	-0.120	-0.202	0.2524	0.0034	0.2678
s.lin.t.77.1.000-101	0	0	0	0	0	0	0	0	0	1	0	0	0	1	0	1	1	0	1	1	98.2	1.80	0.0319	2.16	0.0121	2.30	0.1395	0.8459	-0.350	-0.349	-0.476	0.3365	0.2100	0.5711
d.lin.t.33.2.111-100	0	0	0	0	1	0	0	0	0	0	1	1	1	1	0	0	1	1	2	1	93.8	2.13	0.0560	2.43	0.0005	2.62	0.0311	0.8275	-0.197	-0.208	-0.286	0.4297	-0.3331	0.3241
d.lin.c.34.2.111-100	0	0	0	0	1	0	1	0	0	0	1	1	1	1	0	0	0	1	2	1	106.7	1.43	0.0980	2.14	0.1615	2.34	0.1857	0.8794	-0.522	-0.359	-0.452	0.5224	0.6518	0.6182
d.lin.c.37.2.111-100	0	0	0	0	1	0	0	0	0	1	1	1	1	1	0	0	0	1	2	1	106.4	1.48	0.0278	2.29	0.3411	2.41	0.0458	0.8782	-0.499	-0.281	-0.411	0.3137	0.7792	0.3878
d.lin.c.37.2.111-001	0	0	0	0	1	0	0	0	0	1	1	1	1	0	0	1	0	1	2	1	82.9	1.76	0.1094	2.35	0.0039	2.45	0.0027	0.7778	-0.369	-0.250	-0.387	0.5407	0.0170	-0.0783
s.lin.t.33.2.101-101	0	0	0	0	1	0	0	0	0	0	1	0	1	1	0	1	1	0	2	1	92.0	1.83	0.1233	1.99	0.0131	2.82	0.0002	0.8197	-0.336	-0.438	-0.167	0.5605	0.2236	-0.5068
s.lin.t.33.2.101-011	0	0	0	0	1	0	0	0	0	0	1	0	1	0	1	1	1	0	2	1	85.5	1.88	0.0992	1.99	0.0303	2.38	0.0000	0.7902	-0.313	-0.438	-0.429	0.5244	0.3665	-1.0000
s.lin.c.34.2.101-101	0	0	0	0	1	0	1	0	0	0	1	0	1	1	0	1	0	0	2	1	92.7	1.96	0.0617	2.04	0.0289	2.87	0.0514	0.8228	-0.276	-0.411	-0.137	0.4458	0.3585	0.4068
s.lin.c.34.2.101-011	0	0	0	0	1	0	1	0	0	0	1	0	1	0	1	1	0	0	2	1	83.4	1.68	0.1534	2.04	0.0225	2.42	0.0016	0.7802	-0.406	-0.411	-0.405	0.5966	0.3158	-0.1645
s.lin.c.37.2.101-101	0	0	0	0	1	0	0	0	0	1	1	0	1	1	0	1	0	0	2	1	92.1	1.88	0.0484	2.01	0.0325	2.75	0.1018	0.8201	-0.313	-0.427	-0.208	0.4056	0.3785	0.5193
s.lin.c.37.2.101-011	0	0	0	0	1	0	0	0	0	1	1	0	1	0	1	1	0	0	2	1	83.2	1.76	0.1407	2.02	0.0274	2.45	0.0021	0.7792	-0.369	-0.422	-0.387	0.5823	0.3494	-0.1197
s.lin.t.33.2.011-101	0	0	0	0	1	0	0	0	0	0	0	1	1	1	0	1	1	0	2	1	85.1	1.88	0.0999	1.96	0.0284	2.38	0.0000	0.7883	-0.313	-0.453	-0.429	0.5256	0.3555	-1.0000
s.lin.t.33.2.011-011	0	0	0	0	1	0	0	0	0	0	0	1	1	0	1	1	1	0	2	1	78.7	1.89	0.1173	1.92	0.0027	2.38	0.0000	0.7569	-0.309	-0.474	-0.429	0.5522	-0.0457	-1.0000
s.lin.c.34.2.011-101	0	0	0	0	1	0	1	0	0	0	0	1	1	1	0	1	0	0	2	1	86.2	1.91	0.0614	2.02	0.0216	2.37	0.0000	0.7935	-0.299	-0.422	-0.435	0.4450	0.3088	-1.0000
s.lin.c.34.2.011-011	0	0	0	0	1	0	1	0	0	0	0	1	1	0	1	1	0	0	2	1	77.5	1.79	0.1410	1.91	0.0122	2.37	0.0000	0.7507	-0.355	-0.479	-0.435	0.5827	0.2114	-1.0000
s.lin.c.37.2.011-101	0	0	0	0	1	0	0	0	0	1	0	1	1	1	0	1	0	0	2	1	86.0	1.91	0.0655	1.98	0.0261	2.36	0.0000	0.7926	-0.299	-0.443	-0.440	0.4557	0.3411	-1.0000
s.lin.c.37.2.011-011	0	0	0	0	1	0	0	0	0	1	0	1	1	0	1	1	0	0	2	1	77.4	1.85	0.1248	1.91	0.0041	2.37	0.0001	0.7502	-0.327	-0.479	-0.435	0.5625	0.0256	-0.6209
d.lin.c.34.2.100-111	0	0	0	0	1	0	1	0	0	0	1	0	0	1	1	1	0	1	2	1	91.9	2.07	0.0574	2.51	0.1178	2.74	0.0851	0.8193	-0.225	-0.167	-0.214	0.4338	0.5980	0.4898
d.lin.t.44.2.111-100	0	0	0	0	0	0	1	0	0	0	1	1	1	1	0	0	1	1	2	1	111.1	1.50	0.1123	2.15	0.2304	2.26	0.0673	0.8956	-0.490	-0.354	-0.500	0.5450	0.7123	0.4511
d.lin.t.47.2.111-100	0	0	0	0	0	0	1	0	0	1	1	1	1	1	0	0	1	1	2	1	114.8	1.46	0.0869	1.95	0.2898	2.18	0.0051	0.9088	-0.508	-0.458	-0.548	0.5025	0.7514	0.0264
s.lin.t.44.2.101-101	0	0	0	0	0	0	1	0	0	0	1	0	1	1	0	1	1	0	2	1	92.9	2.03	0.0284	2.04	0.0126	2.94	0.0025	0.8236	-0.244	-0.411	-0.095	0.3172	0.2169	-0.0910
s.lin.t.44.2.101-011	0	0	0	0	0	0	1	0	0	0	1	0	1	0	1	1	1	0	2	1	84.6	1.82	0.0863	2.03	0.0189	2.36	0.0002	0.7860	-0.341	-0.417	-0.440	0.5014	0.2861	-0.5068
s.lin.t.47.2.101-101	0	0	0	0	0	0	1	0	0	1	1	0	1	1	0	1	1	0	2	1	93.7	1.96	0.0185	2.08	0.0205	2.56	0.0474	0.8271	-0.276	-0.391	-0.321	0.2462	0.2999	0.3934
s.lin.t.47.2.101-011	0	0	0	0	0	0	1	0	0	1	1	0	1	0	1	1	1	0	2	1	84.0	1.89	0.0745	2.01	0.0146	2.40	0.0002	0.7831	-0.309	-0.427	-0.417	0.4770	0.2421	-0.5068
s.lin.t.44.2.011-101	0	0	0	0	0	0	1	0	0	0	0	1	1	1	0	1	1	0	2	1	84.6	1.82	0.0863	2.03	0.0189	2.36	0.0002	0.7860	-0.341	-0.417	-0.440	0.5014	0.2861	-0.5068
s.lin.t.44.2.011-011	0	0	0	0	0	0	1	0	0	0	0	1	1	0	1	1	1	0	2	1	76.4	1.68	0.1798	1.90	0.0000	2.33	0.0000	0.7449	-0.406	-0.484	-0.458	0.6230	-1.0000	-1.0000
s.lin.t.47.2.011-101	0	0	0	0	0	0	1	0	0	1	0	1	1	1	0	1	1	0	2	1	85.5	1.82	0.0967	1.95	0.0248	2.43	0.0001	0.7902	-0.341	-0.458	-0.399	0.5202	0.3324	-0.6209
s.lin.t.47.2.011-011	0	0	0	0	0	0	1	0	0	1	0	1	1	0	1	1	1	0	2	1	76.0	1.71	0.1479	1.90	0.0081	2.33	0.0007	0.7428	-0.392	-0.484	-0.458	0.5906	0.1416	-0.3006
d.lin.c.37.2.100-111	0	0	0	0	1	0	0	0	0	1	1	0	0	1	1	1	0	1	2	1	91.1	2.17	0.0579	2.58	0.1306	2.79	0.0060	0.8157	-0.179	-0.130	-0.185	0.4352	0.6156	0.0532
d.lin.t.47.2.100-111	0	0	0	0	0	0	1	0	0	1	1	0	0	1	1	1	1	1	2	1	112.9	1.42	0.0980	2.17	0.2447	2.30	0.0744	0.9021	-0.527	-0.344	-0.476	0.5224	0.7226	0.4677
d.lin.t.77.2.111-100	0	0	0	0	0	0	0	0	0	1	1	1	1	1	0	0	1	1	2	1	107.6	1.23	0.0348	2.15	0.2782	2.45	0.1086	0.8827	-0.615	-0.354	-0.387	0.3509	0.7445	0.5299
d.lin.t.77.2.111-001	0	0	0	0	0	0	0	0	0	1	1	1	1	0	0	1	1	1	2	1	86.4	1.77	0.1318	2.23	0.0121	2.68	0.2447	0.7944	-0.364	-0.313	-0.250	0.5715	0.2100	0.6637
s.lin.t.77.2.101-101	0	0	0	0	0	0	0	0	0	1	1	0	1	1	0	1	1	0	2	1	94.7	1.94	0.0264	1.95	0.0154	3.05	0.0009	0.8313	-0.285	-0.458	-0.030	0.3051	0.2512	-0.2592
s.lin.t.77.2.101-011	0	0	0	0	0	0	0	0	0	1	1	0	1	0	1	1	1	0	2	1	85.0	1.87	0.0595	1.98	0.0411	2.37	0.0684	0.7879	-0.318	-0.443	-0.435	0.4398	0.4185	0.4538
s.lin.t.77.2.011-101	0	0	0	0	0	0	0	0	0	1	0	1	1	1	0	1	1	0	2	1	85.0	1.87	0.0595	1.98	0.0411	2.37	0.0685	0.7879	-0.318	-0.443	-0.435	0.4398	0.4185	0.4541
s.lin.t.77.2.011-011	0	0	0	0	0	0	0	0	0	1	0	1	1	0	1	1	1	0	2	1	75.6	1.75	0.1287	1.86	0.0001	2.38	0.0001	0.7407	-0.374	-0.505	-0.429	0.5676	-0.6075	-0.6209
d.lin.t.33.3.111-111	0	0	0	0	1	0	0	0	0	0	1	1	1	1	1	1	1	1	3	1	79.2	2.42	0.0015	2.43	0.0000	2.62	0.2086	0.7594	-0.063	-0.208	-0.286	-0.1699	-1.0000	0.6374
d.lin.t.34.3.111-111	0	0	0	0	1	0	1	0	0	0	1	1	1	1	1	1	1	1	3	1	76.9	2.41	0.0001	2.72	0.0877	2.77	0.0117	0.7476	-0.067	-0.057	-0.196	-0.6186	0.5477	0.1631
d.lin.t.37.3.111-111	0	0	0	0	1	0	0	0	0	1	1	1	1	1	1	1	1	1	3	1	76.8	2.40	0.0004	2.63	0.1961	2.76	0.0132	0.7470	-0.072	-0.104	-0.202	-0.3889	0.6849	0.1830
d.lin.t.44.3.111-111	0	0	0	0	0	0	1	0	0	0	1	1	1	1	1	1	1	1	3	1	76.4	2.76	0.0178	2.83	0.0000	2.88	0.0744	0.7449	0.095	0.000	-0.131	0.2398	-1.0000	0.4677
d.lin.t.47.3.111-111	0	0	0	0	0	0	1	0	0	1	1	1	1	1	1	1	1	1	3	1	81.3	2.69	0.1481	2.74	0.0010	2.81	0.0007	0.7699	0.063	-0.047	-0.173	0.5908	-0.2150	-0.3006
d.lin.t.77.3.111-111	0	0	0	0	0	0	0	0	0	1	1	1	1	1	1	1	1	1	3	1	84.0	2.77	0.0000	2.77	0.1335	2.80	0.0556	0.7831	0.100	-0.031	-0.179	-1.0000	0.6193	0.4197
d.cyc.34.54.1.100-0x1	0	0	0	0	0	1	0	1	0	0	1	0	0	0	0	1	1	1	1	1	83.2	1.20	0.0163	1.90	0.0903	2.83	0.1819	0.7792	-0.629	-0.484	-0.161	0.2253	0.5527	0.6148
d.cyc.34.54.2.111-0x1	0	0	0	0	0	1	0	1	0	0	1	1	1	0	0	1	1	1	2	1	59.4	1.04	0.0063	1.88	0.0403	2.58	0.0004	0.6436	-0.703	-0.495	-0.310	0.0678	0.4151	-0.3927
d.cyc.34.76.2.111-01x	0	0	0	0	0	1	0	0	1	0	1	1	1	0	1	0	1	1	2	1	63.3	0.91	0.0058	1.76	0.0359	2.59	0.0005	0.6692	-0.763	-0.557	-0.304	0.0541	0.3954	-0.3559
d.cyc.34.76.2.111-10x	0	0	0	0	0	1	0	0	1	0	1	1	1	1	0	0	1	1	2	1	61.8	1.62	0.0938	2.28	0.1240	2.37	0.2178	0.6596	-0.434	-0.286	-0.435	0.5152	0.6067	0.6445
d.lin.c.33.2.100-111	0	0	0	0	1	0	0	0	0	0	1	0	0	1	1	1	0	1	2	1	91.2	2.13	0.0595	2.40	0.0015	2.54	0.0211	0.8162	-0.197	-0.224	-0.333	0.4398	-0.1459	0.2602
d.lin.c.77.2.001-111	0	0	0	0	0	0	0	0	0	1	0	0	1	1	1	1	0	1	2	1	81.8	1.80	0.1210	2.33	0.0299	2.77	0.0242	0.7724	-0.350	-0.260	-0.196	0.5573	0.3643	0.2828
d.lin.c.77.2.100-111	0	0	0	0	0	0	0	0	0	1	1	0	0	1	1	1	0	1	2	1	112.3	1.34	0.0757	1.97	0.1907	2.12	0.0169	0.8999	-0.564	-0.448	-0.583	0.4797	0.6801	0.2236
d.lin.t.33.2.100-111	0	0	0	0	1	0	0	0	0	0	1	0	0	1	1	1	1	1	2	1	93.8	2.13	0.0560	2.43	0.0005	2.62	0.0313	0.8275	-0.197	-0.208	-0.286	0.4297	-0.3331	0.3251
d.lin.t.44.2.100-111	0	0	0	0	0	0	1	0	0	0	1	0	0	1	1	1	1	1	2	1	111.0	1.50	0.1123	2.15	0.2297	2.26	0.0679	0.8953	-0.490	-0.354	-0.500	0.5450	0.7118	0.4526
d.lin.t.47.1.100-001	0	0	0	0	0	0	1	0	0	1	1	0	0	0	0	1	1	1	1	1	118.9	1.21	0.2201	1.45	0.0278	2.04	0.1016	0.9229	-0.624	-0.719	-0.631	0.6565	0.3518	0.5190
d.lin.t.47.2.111-001	0	0	0	0	0	0	1	0	0	1	1	1	1	0	0	1	1	1	2	1	85.6	1.73	0.1091	2.23	0.0152	2.64	0.1861	0.7907	-0.383	-0.313	-0.274	0.5402	0.2489	0.6186
d.lin.t.77.2.001-111	0	0	0	0	0	0	0	0	0	1	0	0	1	1	1	1	1	1	2	1	86.4	1.77	0.1317	2.23	0.0121	2.68	0.2446	0.7944	-0.364	-0.313	-0.250	0.5714	0.2100	0.6636
d.lin.t.77.2.100-111	0	0	0	0	0	0	0	0	0	1	1	0	0	1	1	1	1	1	2	1	107.6	1.23	0.0349	2.15	0.2780	2.45	0.1086	0.8827	-0.615	-0.354	-0.387	0.3514	0.7444	0.5299
s.cyc.34.45.2.011-1x1	0	0	0	0	0	1	0	1	0	0	0	1	1	1	0	1	0	0	2	1	56.3	1.64	0.0639	1.91	0.0223	2.58	0.0000	0.6221	-0.425	-0.479	-0.310	0.4516	0.3143	-1.0000
s.cyc.34.45.2.101-1x1	0	0	0	0	0	1	0	1	0	0	1	0	1	1	0	1	0	0	2	1	65.9	1.53	0.0494	1.97	0.0325	3.19	0.0003	0.6854	-0.476	-0.448	0.054	0.4089	0.3785	-0.4400
s.cyc.34.54.1.000-1x1	0	0	0	0	0	1	0	1	0	0	0	0	0	1	0	1	1	0	1	1	74.9	1.67	0.0161	2.76	0.0047	3.06	0.0490	0.7369	-0.411	-0.036	-0.024	0.2232	0.0488	0.3989
s.cyc.34.54.2.011-1x1	0	0	0	0	0	1	0	1	0	0	0	1	1	1	0	1	1	0	2	1	57.7	1.40	0.0647	1.94	0.0230	2.49	0.0000	0.6320	-0.536	-0.464	-0.363	0.4536	0.3195	-1.0000
s.cyc.34.54.2.101-1x1	0	0	0	0	0	1	0	1	0	0	1	0	1	1	0	1	1	0	2	1	61.9	1.75	0.0231	1.99	0.0372	3.09	0.0227	0.6602	-0.374	-0.438	-0.006	0.2830	0.4015	0.2722
s.cyc.34.67.1.000-11x	0	0	0	0	0	1	0	0	1	0	0	0	0	1	1	0	0	0	1	1	79.5	1.60	0.0084	2.66	0.0087	2.91	0.0351	0.7609	-0.443	-0.089	-0.113	0.1154	0.1538	0.3440
s.cyc.34.67.2.011-11x	0	0	0	0	0	1	0	0	1	0	0	1	1	1	1	0	0	0	2	1	62.2	1.48	0.0569	1.87	0.0326	2.48	0.0008	0.6622	-0.499	-0.500	-0.369	0.4324	0.3790	-0.2786
s.cyc.34.67.2.101-11x	0	0	0	0	0	1	0	0	1	0	1	0	1	1	1	0	0	0	2	1	66.7	1.68	0.0189	1.92	0.0276	2.88	0.0399	0.6903	-0.406	-0.474	-0.131	0.2498	0.3506	0.3651
s.cyc.34.76.1.011-00x	0	0	0	0	0	1	0	0	1	0	0	1	1	0	0	0	1	0	1	1	55.8	1.64	0.0888	2.60	0.0000	2.80	0.0051	0.6185	-0.425	-0.120	-0.179	0.5061	-1.0000	0.0264
s.cyc.34.76.1.101-00x	0	0	0	0	0	1	0	0	1	0	1	0	1	0	0	0	1	0	1	1	67.6	1.51	0.0919	2.49	0.0810	3.15	0.1147	0.6957	-0.485	-0.177	0.030	0.5118	0.5341	0.5389
s.cyc.34.76.2.011-11x	0	0	0	0	0	1	0	0	1	0	0	1	1	1	1	0	1	0	2	1	60.0	1.60	0.0537	1.83	0.0214	2.58	0.0000	0.6477	-0.443	-0.521	-0.310	0.4228	0.3072	-1.0000
s.cyc.34.76.2.101-11x	0	0	0	0	0	1	0	0	1	0	1	0	1	1	1	0	1	0	2	1	66.8	1.56	0.0331	1.94	0.0522	3.05	0.0203	0.6909	-0.462	-0.464	-0.030	0.3426	0.4592	0.2538
s.lin.c.33.1.000-011	0	0	0	0	1	0	0	0	0	0	0	0	0	0	1	1	0	0	1	1	92.6	1.85	0.0618	2.38	0.0000	2.78	0.0010	0.8223	-0.327	-0.234	-0.190	0.4460	-1.0000	-0.2418
s.lin.c.34.1.000-011	0	0	0	0	1	0	1	0	0	0	0	0	0	0	1	1	0	0	1	1	90.7	1.81	0.0985	2.43	0.0007	2.65	0.0077	0.8140	-0.346	-0.208	-0.268	0.5233	-0.2758	0.0942
s.lin.c.34.1.011-000	0	0	0	0	1	0	1	0	0	0	0	1	1	0	0	0	0	0	1	1	92.4	1.88	0.0615	2.38	0.0000	2.67	0.0012	0.8214	-0.313	-0.234	-0.256	0.4452	-1.0000	-0.2118
s.lin.c.37.1.000-011	0	0	0	0	1	0	0	0	0	1	0	0	0	0	1	1	0	0	1	1	91.0	1.80	0.0754	2.42	0.0002	2.77	0.0068	0.8153	-0.350	-0.214	-0.196	0.4790	-0.4893	0.0738
s.lin.c.37.1.011-000	0	0	0	0	1	0	0	0	0	1	0	1	1	0	0	0	0	0	1	1	91.9	1.90	0.0648	2.36	0.0000	2.76	0.0021	0.8193	-0.304	-0.245	-0.202	0.4539	-1.0000	-0.1197
s.lin.c.47.1.011-000	0	0	0	0	0	0	1	0	0	1	0	1	1	0	0	0	0	0	1	1	91.3	1.66	0.0853	2.38	0.0034	2.48	0.0073	0.8166	-0.415	-0.234	-0.369	0.4994	-0.0064	0.0854
s.lin.c.77.1.000-011	0	0	0	0	0	0	0	0	0	1	0	0	0	0	1	1	0	0	1	1	90.4	1.77	0.0600	2.48	0.0053	2.65	0.0047	0.8126	-0.364	-0.182	-0.268	0.4411	0.0693	0.0130
s.lin.t.33.1.000-011	0	0	0	0	1	0	0	0	0	0	0	0	0	0	1	1	1	0	1	1	92.4	1.87	0.0605	2.39	0.0000	2.83	0.0012	0.8214	-0.318	-0.229	-0.161	0.4425	-1.0000	-0.2118
s.lin.t.34.1.000-011	0	0	0	0	1	0	1	0	0	0	0	0	0	0	1	1	1	0	1	1	91.3	1.78	0.0960	2.36	0.0004	2.71	0.0042	0.8166	-0.360	-0.245	-0.232	0.5190	-0.3712	-0.0056
s.lin.t.34.1.011-000	0	0	0	0	1	0	1	0	0	0	0	1	1	0	0	0	1	0	1	1	92.2	1.88	0.0589	2.39	0.0000	2.68	0.0007	0.8206	-0.313	-0.229	-0.250	0.4381	-1.0000	-0.3006
s.lin.t.37.1.000-011	0	0	0	0	1	0	0	0	0	1	0	0	0	0	1	1	1	0	1	1	91.3	1.80	0.0696	2.39	0.0009	2.84	0.0010	0.8166	-0.350	-0.229	-0.155	0.4657	-0.2329	-0.2418
s.lin.t.37.1.011-000	0	0	0	0	1	0	0	0	0	1	0	1	1	0	0	0	1	0	1	1	93.0	1.91	0.0601	2.37	0.0000	2.71	0.0009	0.8241	-0.299	-0.240	-0.232	0.4414	-1.0000	-0.2592
s.lin.t.44.1.011-000	0	0	0	0	0	0	1	0	0	0	0	1	1	0	0	0	1	0	1	1	91.0	1.80	0.0951	2.30	0.0003	2.60	0.0027	0.8153	-0.350	-0.276	-0.298	0.5174	-0.4202	-0.0783
s.lin.t.47.1.000-011	0	0	0	0	0	0	1	0	0	1	0	0	0	0	1	1	1	0	1	1	90.8	1.82	0.0757	2.36	0.0004	2.73	0.0010	0.8144	-0.341	-0.245	-0.220	0.4797	-0.3712	-0.2418
s.lin.t.47.1.011-000	0	0	0	0	0	0	1	0	0	1	0	1	1	0	0	0	1	0	1	1	91.9	1.79	0.0948	2.30	0.0004	2.54	0.0026	0.8193	-0.355	-0.276	-0.333	0.5169	-0.3712	-0.0845
s.lin.t.77.1.000-011	0	0	0	0	0	0	0	0	0	1	0	0	0	0	1	1	1	0	1	1	91.5	1.90	0.0665	2.38	0.0012	2.70	0.0004	0.8175	-0.304	-0.234	-0.238	0.4582	-0.1839	-0.3927
z.cyc.34.45.1.001-0x1	0	0	0	0	0	1	0	1	0	0	0	0	1	0	0	1	0	2	1	1	93.8	0.79	0.0405	0.91	0.0247	2.50	0.0026	0.8275	-0.819	-1.000	-0.357	0.3760	0.3317	-0.0845
z.cyc.34.45.2.111-0x1	0	0	0	0	0	1	0	1	0	0	1	1	1	0	0	1	0	2	2	1	59.6	1.08	0.0053	1.96	0.0344	2.66	0.0000	0.6450	-0.684	-0.453	-0.262	0.0392	0.3882	-1.0000
z.cyc.34.54.1.001-0x1	0	0	0	0	0	1	0	1	0	0	0	0	1	0	0	1	1	2	1	1	91.2	0.79	0.0205	0.93	0.0032	2.63	0.0473	0.8162	-0.819	-0.990	-0.280	0.2632	-0.0167	0.3931
z.cyc.34.67.1.001-01x	0	0	0	0	0	1	0	0	1	0	0	0	1	0	1	0	0	2	1	1	84.2	1.01	0.0233	1.16	0.0009	2.73	0.0211	0.7840	-0.717	-0.870	-0.220	0.2845	-0.2329	0.2602
z.cyc.34.67.1.100-01x	0	0	0	0	0	1	0	0	1	0	1	0	0	0	1	0	0	2	1	1	85.1	1.00	0.0104	1.93	0.1025	2.66	0.1317	0.7883	-0.722	-0.469	-0.262	0.1508	0.5743	0.5617
z.cyc.34.67.2.111-01x	0	0	0	0	0	1	0	0	1	0	1	1	1	0	1	0	0	2	2	1	61.4	0.86	0.0067	1.75	0.0350	2.57	0.0000	0.6570	-0.787	-0.563	-0.315	0.0780	0.3911	-1.0000
z.cyc.34.76.1.001-01x	0	0	0	0	0	1	0	0	1	0	0	0	1	0	1	0	1	2	1	1	84.3	1.11	0.0311	1.22	0.0127	2.71	0.0097	0.7845	-0.671	-0.839	-0.232	0.3323	0.2183	0.1322
z.cyc.34.76.1.001-10x	0	0	0	0	0	1	0	0	1	0	0	0	1	1	0	0	1	2	1	1	96.0	0.95	0.1098	1.45	0.0341	2.11	0.0329	0.8368	-0.745	-0.719	-0.589	0.5413	0.3867	0.3333
z.lin.c.33.1.001-001	0	0	0	0	1	0	0	0	0	0	0	0	1	0	0	1	0	2	1	1	117.1	0.87	0.0033	1.46	0.0533	1.89	0.0252	0.9168	-0.782	-0.714	-0.720	-0.0393	0.4628	0.2894
z.lin.c.33.1.001-100	0	0	0	0	1	0	0	0	0	0	0	0	1	1	0	0	0	2	1	1	120.6	1.05	0.1130	1.76	0.0348	2.28	0.2482	0.9286	-0.698	-0.557	-0.488	0.5460	0.3901	0.6660
z.lin.c.33.2.001-111	0	0	0	0	1	0	0	0	0	0	0	0	1	1	1	1	0	2	2	1	103.4	0.98	0.1617	1.53	0.0337	2.08	0.1103	0.8667	-0.731	-0.677	-0.607	0.6054	0.3846	0.5325
z.lin.c.34.1.001-001	0	0	0	0	1	0	1	0	0	0	0	0	1	0	0	1	0	2	1	1	116.3	0.90	0.0014	1.34	0.0734	1.99	0.0294	0.9140	-0.768	-0.776	-0.661	-0.1814	0.5173	0.3148
z.lin.c.34.1.001-100	0	0	0	0	1	0	1	0	0	0	0	0	1	1	0	0	0	2	1	1	126.7	1.02	0.0770	1.35	0.0021	1.82	0.0404	0.9485	-0.712	-0.771	-0.762	0.4825	-0.0885	0.3671
z.lin.c.34.2.001-111	0	0	0	0	1	0	1	0	0	0	0	0	1	1	1	1	0	2	2	1	101.3	1.09	0.1722	1.50	0.0252	2.18	0.0525	0.8585	-0.680	-0.693	-0.548	0.6158	0.3351	0.4103
z.lin.c.37.1.001-001	0	0	0	0	1	0	0	0	0	1	0	0	1	0	0	1	0	2	1	1	109.2	1.07	0.1779	1.77	0.0109	2.39	0.0699	0.8887	-0.689	-0.552	-0.423	0.6212	0.1922	0.4574
z.lin.c.37.1.001-100	0	0	0	0	1	0	0	0	0	1	0	0	1	1	0	0	0	2	1	1	127.6	0.92	0.0060	1.29	0.0089	1.65	0.0522	0.9513	-0.759	-0.802	-0.863	0.0597	0.1577	0.4093
z.lin.c.37.2.001-111	0	0	0	0	1	0	0	0	0	1	0	0	1	1	1	1	0	2	2	1	100.2	1.17	0.1653	1.56	0.0157	2.22	0.0478	0.8541	-0.643	-0.661	-0.524	0.6090	0.2544	0.3948
z.lin.c.44.2.001-111	0	0	0	0	0	0	1	0	0	0	0	0	1	1	1	1	0	2	2	1	105.3	0.70	0.0092	1.25	0.0408	1.65	0.0579	0.8740	-0.861	-0.823	-0.863	0.1305	0.4172	0.4264
z.lin.c.47.1.001-001	0	0	0	0	0	0	1	0	0	1	0	0	1	0	0	1	0	2	1	1	111.4	0.78	0.0050	1.43	0.1538	2.01	0.0939	0.8967	-0.824	-0.729	-0.649	0.0295	0.6434	0.5060
z.lin.c.47.1.001-010	0	0	0	0	0	0	1	0	0	1	0	0	1	0	1	0	0	2	1	1	112.5	1.23	0.0025	1.66	0.0071	2.33	0.0234	0.9007	-0.615	-0.609	-0.458	-0.0853	0.1192	0.2772
z.lin.c.77.1.010-100	0	0	0	0	0	0	0	0	0	1	0	1	0	1	0	0	0	2	1	1	125.5	1.22	0.0016	1.48	0.0001	2.06	0.0269	0.9447	-0.619	-0.703	-0.619	-0.1593	-0.6075	0.3002
z.lin.t.33.1.001-001	0	0	0	0	1	0	0	0	0	0	0	0	1	0	0	1	1	2	1	1	118.3	0.82	0.0098	1.40	0.0467	1.82	0.0242	0.9209	-0.805	-0.745	-0.762	0.1410	0.4403	0.2828
z.lin.t.33.1.001-100	0	0	0	0	1	0	0	0	0	0	0	0	1	1	0	0	1	2	1	1	124.3	0.98	0.1152	1.66	0.0305	2.24	0.2952	0.9408	-0.731	-0.609	-0.512	0.5492	0.3676	0.6946
z.lin.t.33.2.001-111	0	0	0	0	1	0	0	0	0	0	0	0	1	1	1	1	1	2	2	1	105.9	0.93	0.1734	1.39	0.0267	1.98	0.0477	0.8763	-0.754	-0.750	-0.667	0.6170	0.3450	0.3945
z.lin.t.34.1.001-001	0	0	0	0	1	0	1	0	0	0	0	0	1	0	0	1	1	2	1	1	116.9	0.80	0.0015	1.31	0.0537	1.82	0.0286	0.9161	-0.814	-0.792	-0.762	-0.1699	0.4641	0.3103
z.lin.t.34.1.001-100	0	0	0	0	1	0	1	0	0	0	0	0	1	1	0	0	1	2	1	1	127.3	1.00	0.0903	1.28	0.0018	1.79	0.0363	0.9504	-0.722	-0.807	-0.780	0.5089	-0.1148	0.3495
z.lin.t.34.2.001-111	0	0	0	0	1	0	1	0	0	0	0	0	1	1	1	1	1	2	2	1	103.5	1.04	0.1926	1.49	0.0259	2.02	0.0430	0.8671	-0.703	-0.698	-0.643	0.6343	0.3398	0.3774
z.lin.t.34.2.111-001	0	0	0	0	1	0	1	0	0	0	1	1	1	0	0	1	1	2	2	1	106.3	0.75	0.0138	1.21	0.0272	1.76	0.0756	0.8778	-0.838	-0.844	-0.798	0.1977	0.3481	0.4703
z.lin.t.37.1.001-001	0	0	0	0	1	0	0	0	0	1	0	0	1	0	0	1	1	2	1	1	113.2	0.79	0.0458	1.41	0.1130	1.97	0.1071	0.9032	-0.819	-0.740	-0.673	0.3964	0.5909	0.5276
z.lin.t.37.1.001-100	0	0	0	0	1	0	0	0	0	1	0	0	1	1	0	0	1	2	1	1	126.4	1.15	0.1341	1.41	0.0020	1.94	0.0268	0.9475	-0.652	-0.740	-0.690	0.5744	-0.0968	0.2996
z.lin.t.37.2.001-111	0	0	0	0	1	0	0	0	0	1	0	0	1	1	1	1	1	2	2	1	100.3	1.17	0.2013	1.59	0.0195	2.16	0.0450	0.8545	-0.643	-0.646	-0.560	0.6417	0.2914	0.3849
z.lin.t.44.1.001-001	0	0	0	0	0	0	1	0	0	0	0	0	1	0	0	1	1	2	1	1	116.4	0.78	0.0006	1.27	0.0124	1.82	0.0511	0.9144	-0.824	-0.813	-0.762	-0.3217	0.2142	0.4058
z.lin.t.44.1.001-100	0	0	0	0	0	0	1	0	0	0	0	0	1	1	0	0	1	2	1	1	127.4	0.87	0.0035	1.20	0.0007	1.65	0.0602	0.9507	-0.782	-0.849	-0.863	-0.0296	-0.2758	0.4328
z.lin.t.44.2.001-111	0	0	0	0	0	0	1	0	0	0	0	0	1	1	1	1	1	2	2	1	104.7	0.72	0.0096	1.27	0.0451	1.69	0.0687	0.8717	-0.852	-0.813	-0.839	0.1376	0.4343	0.4545
z.lin.t.47.1.001-001	0	0	0	0	0	0	1	0	0	1	0	0	1	0	0	1	1	2	1	1	109.7	0.87	0.0039	1.47	0.1508	2.10	0.1452	0.8905	-0.782	-0.708	-0.595	-0.0117	0.6401	0.5777
z.lin.t.47.1.001-100	0	0	0	0	0	0	1	0	0	1	0	0	1	1	0	0	1	2	1	1	128.5	0.89	0.0012	1.19	0.0003	1.66	0.0577	0.9542	-0.773	-0.854	-0.857	-0.2069	-0.4202	0.4258
z.lin.t.77.1.001-010	0	0	0	0	0	0	0	0	0	1	0	0	1	0	1	0	1	2	1	1	109.5	1.23	0.0086	1.93	0.0030	2.45	0.0456	0.8898	-0.615	-0.469	-0.387	0.1193	-0.0277	0.3871
